{"/home/vegas/rumate/middleware/auth.js": {"path":"/home/vegas/rumate/middleware/auth.js","statementMap":{"0":{"start":{"line":1,"column":12},"end":{"line":1,"column":35}},"1":{"start":{"line":4,"column":18},"end":{"line":4,"column":44}},"2":{"start":{"line":5,"column":4},"end":{"line":5,"column":61}},"3":{"start":{"line":5,"column":16},"end":{"line":5,"column":61}},"4":{"start":{"line":7,"column":4},"end":{"line":14,"column":5}},"5":{"start":{"line":8,"column":24},"end":{"line":8,"column":67}},"6":{"start":{"line":9,"column":8},"end":{"line":9,"column":27}},"7":{"start":{"line":10,"column":8},"end":{"line":10,"column":15}},"8":{"start":{"line":13,"column":8},"end":{"line":13,"column":46}},"9":{"start":{"line":17,"column":0},"end":{"line":17,"column":22}}},"fnMap":{"0":{"name":"auth","decl":{"start":{"line":3,"column":9},"end":{"line":3,"column":13}},"loc":{"start":{"line":3,"column":30},"end":{"line":15,"column":1}},"line":3}},"branchMap":{"0":{"loc":{"start":{"line":5,"column":4},"end":{"line":5,"column":61}},"type":"if","locations":[{"start":{"line":5,"column":4},"end":{"line":5,"column":61}},{"start":{},"end":{}}],"line":5}},"s":{"0":6,"1":8,"2":8,"3":0,"4":8,"5":8,"6":8,"7":8,"8":0,"9":6},"f":{"0":8},"b":{"0":[0,8]},"_coverageSchema":"1a1c01bbd47fc00a2c39e90264f33305004495a9","hash":"ac370bfa3115e073601b68d7e43f62f406541294"}
,"/home/vegas/rumate/models/advertisement.js": {"path":"/home/vegas/rumate/models/advertisement.js","statementMap":{"0":{"start":{"line":7,"column":15},"end":{"line":7,"column":32}},"1":{"start":{"line":8,"column":17},"end":{"line":8,"column":36}},"2":{"start":{"line":9,"column":12},"end":{"line":10,"column":41}},"3":{"start":{"line":11,"column":0},"end":{"line":11,"column":43}},"4":{"start":{"line":14,"column":28},"end":{"line":61,"column":2}},"5":{"start":{"line":64,"column":22},"end":{"line":64,"column":74}},"6":{"start":{"line":68,"column":16},"end":{"line":68,"column":45}},"7":{"start":{"line":69,"column":18},"end":{"line":69,"column":59}},"8":{"start":{"line":71,"column":19},"end":{"line":81,"column":6}},"9":{"start":{"line":83,"column":4},"end":{"line":83,"column":42}},"10":{"start":{"line":87,"column":0},"end":{"line":87,"column":37}},"11":{"start":{"line":88,"column":0},"end":{"line":88,"column":40}}},"fnMap":{"0":{"name":"validateAdvertisement","decl":{"start":{"line":67,"column":9},"end":{"line":67,"column":30}},"loc":{"start":{"line":67,"column":46},"end":{"line":84,"column":1}},"line":67}},"branchMap":{},"s":{"0":6,"1":6,"2":6,"3":6,"4":6,"5":6,"6":0,"7":0,"8":0,"9":0,"10":6,"11":6},"f":{"0":0},"b":{},"_coverageSchema":"1a1c01bbd47fc00a2c39e90264f33305004495a9","hash":"a27b3e14c3bcc9aa807c51a5eaea711d593a40e5"}
,"/home/vegas/rumate/models/chat.js": {"path":"/home/vegas/rumate/models/chat.js","statementMap":{"0":{"start":{"line":6,"column":17},"end":{"line":6,"column":36}},"1":{"start":{"line":7,"column":12},"end":{"line":7,"column":26}},"2":{"start":{"line":8,"column":26},"end":{"line":8,"column":46}},"3":{"start":{"line":11,"column":19},"end":{"line":24,"column":2}},"4":{"start":{"line":27,"column":13},"end":{"line":27,"column":47}},"5":{"start":{"line":30,"column":19},"end":{"line":33,"column":6}},"6":{"start":{"line":35,"column":4},"end":{"line":35,"column":36}},"7":{"start":{"line":39,"column":0},"end":{"line":39,"column":20}},"8":{"start":{"line":40,"column":0},"end":{"line":40,"column":35}}},"fnMap":{"0":{"name":"validateChat","decl":{"start":{"line":29,"column":9},"end":{"line":29,"column":21}},"loc":{"start":{"line":29,"column":31},"end":{"line":36,"column":1}},"line":29}},"branchMap":{},"s":{"0":6,"1":6,"2":6,"3":6,"4":6,"5":2,"6":2,"7":6,"8":6},"f":{"0":2},"b":{},"_coverageSchema":"1a1c01bbd47fc00a2c39e90264f33305004495a9","hash":"4de81afa1f70722965e813d934f0629466fe6d92"}
,"/home/vegas/rumate/models/message.js": {"path":"/home/vegas/rumate/models/message.js","statementMap":{"0":{"start":{"line":6,"column":17},"end":{"line":6,"column":36}},"1":{"start":{"line":7,"column":12},"end":{"line":7,"column":26}},"2":{"start":{"line":10,"column":22},"end":{"line":29,"column":2}},"3":{"start":{"line":32,"column":16},"end":{"line":32,"column":56}},"4":{"start":{"line":35,"column":19},"end":{"line":40,"column":6}},"5":{"start":{"line":42,"column":4},"end":{"line":42,"column":36}},"6":{"start":{"line":46,"column":0},"end":{"line":46,"column":25}},"7":{"start":{"line":47,"column":0},"end":{"line":47,"column":41}}},"fnMap":{"0":{"name":"validateMessage","decl":{"start":{"line":34,"column":9},"end":{"line":34,"column":24}},"loc":{"start":{"line":34,"column":34},"end":{"line":43,"column":1}},"line":34}},"branchMap":{},"s":{"0":6,"1":6,"2":6,"3":6,"4":3,"5":3,"6":6,"7":6},"f":{"0":3},"b":{},"_coverageSchema":"1a1c01bbd47fc00a2c39e90264f33305004495a9","hash":"c70efe64eccb998fae7371d4e702656a39f9f1ad"}
,"/home/vegas/rumate/models/preference.js": {"path":"/home/vegas/rumate/models/preference.js","statementMap":{"0":{"start":{"line":1,"column":17},"end":{"line":1,"column":36}},"1":{"start":{"line":2,"column":12},"end":{"line":2,"column":26}},"2":{"start":{"line":3,"column":0},"end":{"line":3,"column":43}},"3":{"start":{"line":5,"column":25},"end":{"line":14,"column":2}},"4":{"start":{"line":16,"column":19},"end":{"line":16,"column":65}},"5":{"start":{"line":19,"column":19},"end":{"line":22,"column":6}},"6":{"start":{"line":24,"column":4},"end":{"line":24,"column":39}},"7":{"start":{"line":27,"column":0},"end":{"line":27,"column":31}},"8":{"start":{"line":28,"column":0},"end":{"line":28,"column":37}}},"fnMap":{"0":{"name":"validatePreference","decl":{"start":{"line":18,"column":9},"end":{"line":18,"column":27}},"loc":{"start":{"line":18,"column":40},"end":{"line":25,"column":1}},"line":18}},"branchMap":{},"s":{"0":6,"1":6,"2":6,"3":6,"4":6,"5":3,"6":3,"7":6,"8":6},"f":{"0":3},"b":{},"_coverageSchema":"1a1c01bbd47fc00a2c39e90264f33305004495a9","hash":"a5c266551072f8df5027abc7607b6d49646a16f0"}
,"/home/vegas/rumate/models/user.js": {"path":"/home/vegas/rumate/models/user.js","statementMap":{"0":{"start":{"line":7,"column":12},"end":{"line":7,"column":35}},"1":{"start":{"line":8,"column":17},"end":{"line":8,"column":36}},"2":{"start":{"line":9,"column":12},"end":{"line":9,"column":26}},"3":{"start":{"line":11,"column":19},"end":{"line":24,"column":2}},"4":{"start":{"line":26,"column":0},"end":{"line":29,"column":1}},"5":{"start":{"line":27,"column":18},"end":{"line":27,"column":101}},"6":{"start":{"line":28,"column":4},"end":{"line":28,"column":17}},"7":{"start":{"line":31,"column":13},"end":{"line":31,"column":47}},"8":{"start":{"line":34,"column":19},"end":{"line":37,"column":6}},"9":{"start":{"line":39,"column":4},"end":{"line":39,"column":33}},"10":{"start":{"line":42,"column":0},"end":{"line":42,"column":19}},"11":{"start":{"line":43,"column":0},"end":{"line":43,"column":31}}},"fnMap":{"0":{"name":"(anonymous_0)","decl":{"start":{"line":26,"column":39},"end":{"line":26,"column":40}},"loc":{"start":{"line":26,"column":50},"end":{"line":29,"column":1}},"line":26},"1":{"name":"validateUser","decl":{"start":{"line":33,"column":9},"end":{"line":33,"column":21}},"loc":{"start":{"line":33,"column":28},"end":{"line":40,"column":1}},"line":33}},"branchMap":{},"s":{"0":6,"1":6,"2":6,"3":6,"4":6,"5":2,"6":2,"7":6,"8":7,"9":7,"10":6,"11":6},"f":{"0":2,"1":7},"b":{},"_coverageSchema":"1a1c01bbd47fc00a2c39e90264f33305004495a9","hash":"ce7d547c0bbc3c63ade9092b6d14ab2644711167"}
,"/home/vegas/rumate/routes/advertisements.js": {"path":"/home/vegas/rumate/routes/advertisements.js","statementMap":{"0":{"start":{"line":1,"column":10},"end":{"line":1,"column":27}},"1":{"start":{"line":2,"column":13},"end":{"line":2,"column":42}},"2":{"start":{"line":3,"column":36},"end":{"line":3,"column":70}},"3":{"start":{"line":4,"column":23},"end":{"line":4,"column":54}},"4":{"start":{"line":5,"column":16},"end":{"line":5,"column":34}},"5":{"start":{"line":6,"column":15},"end":{"line":6,"column":31}},"6":{"start":{"line":9,"column":0},"end":{"line":19,"column":3}},"7":{"start":{"line":12,"column":15},"end":{"line":12,"column":69}},"8":{"start":{"line":15,"column":4},"end":{"line":15,"column":68}},"9":{"start":{"line":15,"column":13},"end":{"line":15,"column":68}},"10":{"start":{"line":18,"column":4},"end":{"line":18,"column":24}},"11":{"start":{"line":22,"column":0},"end":{"line":42,"column":3}},"12":{"start":{"line":25,"column":18},"end":{"line":25,"column":38}},"13":{"start":{"line":28,"column":4},"end":{"line":28,"column":81}},"14":{"start":{"line":28,"column":30},"end":{"line":28,"column":81}},"15":{"start":{"line":29,"column":4},"end":{"line":29,"column":83}},"16":{"start":{"line":29,"column":29},"end":{"line":29,"column":83}},"17":{"start":{"line":30,"column":4},"end":{"line":30,"column":101}},"18":{"start":{"line":30,"column":35},"end":{"line":30,"column":101}},"19":{"start":{"line":33,"column":17},"end":{"line":33,"column":31}},"20":{"start":{"line":34,"column":4},"end":{"line":35,"column":71}},"21":{"start":{"line":34,"column":25},"end":{"line":34,"column":54}},"22":{"start":{"line":35,"column":9},"end":{"line":35,"column":71}},"23":{"start":{"line":35,"column":36},"end":{"line":35,"column":71}},"24":{"start":{"line":38,"column":16},"end":{"line":38,"column":34}},"25":{"start":{"line":41,"column":4},"end":{"line":41,"column":25}},"26":{"start":{"line":45,"column":0},"end":{"line":55,"column":3}},"27":{"start":{"line":48,"column":15},"end":{"line":48,"column":64}},"28":{"start":{"line":51,"column":4},"end":{"line":51,"column":68}},"29":{"start":{"line":51,"column":13},"end":{"line":51,"column":68}},"30":{"start":{"line":54,"column":4},"end":{"line":54,"column":24}},"31":{"start":{"line":58,"column":0},"end":{"line":74,"column":3}},"32":{"start":{"line":60,"column":4},"end":{"line":60,"column":36}},"33":{"start":{"line":61,"column":22},"end":{"line":61,"column":40}},"34":{"start":{"line":62,"column":4},"end":{"line":62,"column":69}},"35":{"start":{"line":62,"column":15},"end":{"line":62,"column":69}},"36":{"start":{"line":65,"column":13},"end":{"line":65,"column":69}},"37":{"start":{"line":66,"column":4},"end":{"line":66,"column":98}},"38":{"start":{"line":66,"column":12},"end":{"line":66,"column":98}},"39":{"start":{"line":69,"column":4},"end":{"line":69,"column":37}},"40":{"start":{"line":70,"column":4},"end":{"line":70,"column":20}},"41":{"start":{"line":73,"column":4},"end":{"line":73,"column":24}},"42":{"start":{"line":77,"column":0},"end":{"line":90,"column":3}},"43":{"start":{"line":80,"column":15},"end":{"line":80,"column":78}},"44":{"start":{"line":83,"column":4},"end":{"line":83,"column":68}},"45":{"start":{"line":83,"column":13},"end":{"line":83,"column":68}},"46":{"start":{"line":86,"column":4},"end":{"line":86,"column":62}},"47":{"start":{"line":89,"column":4},"end":{"line":89,"column":24}},"48":{"start":{"line":93,"column":0},"end":{"line":93,"column":24}}},"fnMap":{"0":{"name":"(anonymous_0)","decl":{"start":{"line":9,"column":27},"end":{"line":9,"column":28}},"loc":{"start":{"line":9,"column":47},"end":{"line":19,"column":1}},"line":9},"1":{"name":"(anonymous_1)","decl":{"start":{"line":22,"column":16},"end":{"line":22,"column":17}},"loc":{"start":{"line":22,"column":36},"end":{"line":42,"column":1}},"line":22},"2":{"name":"(anonymous_2)","decl":{"start":{"line":45,"column":19},"end":{"line":45,"column":20}},"loc":{"start":{"line":45,"column":39},"end":{"line":55,"column":1}},"line":45},"3":{"name":"(anonymous_3)","decl":{"start":{"line":58,"column":23},"end":{"line":58,"column":24}},"loc":{"start":{"line":58,"column":43},"end":{"line":74,"column":1}},"line":58},"4":{"name":"(anonymous_4)","decl":{"start":{"line":77,"column":25},"end":{"line":77,"column":26}},"loc":{"start":{"line":77,"column":45},"end":{"line":90,"column":1}},"line":77}},"branchMap":{"0":{"loc":{"start":{"line":15,"column":4},"end":{"line":15,"column":68}},"type":"if","locations":[{"start":{"line":15,"column":4},"end":{"line":15,"column":68}},{"start":{},"end":{}}],"line":15},"1":{"loc":{"start":{"line":28,"column":4},"end":{"line":28,"column":81}},"type":"if","locations":[{"start":{"line":28,"column":4},"end":{"line":28,"column":81}},{"start":{},"end":{}}],"line":28},"2":{"loc":{"start":{"line":29,"column":4},"end":{"line":29,"column":83}},"type":"if","locations":[{"start":{"line":29,"column":4},"end":{"line":29,"column":83}},{"start":{},"end":{}}],"line":29},"3":{"loc":{"start":{"line":30,"column":4},"end":{"line":30,"column":101}},"type":"if","locations":[{"start":{"line":30,"column":4},"end":{"line":30,"column":101}},{"start":{},"end":{}}],"line":30},"4":{"loc":{"start":{"line":34,"column":4},"end":{"line":35,"column":71}},"type":"if","locations":[{"start":{"line":34,"column":4},"end":{"line":35,"column":71}},{"start":{"line":35,"column":9},"end":{"line":35,"column":71}}],"line":34},"5":{"loc":{"start":{"line":35,"column":9},"end":{"line":35,"column":71}},"type":"if","locations":[{"start":{"line":35,"column":9},"end":{"line":35,"column":71}},{"start":{},"end":{}}],"line":35},"6":{"loc":{"start":{"line":51,"column":4},"end":{"line":51,"column":68}},"type":"if","locations":[{"start":{"line":51,"column":4},"end":{"line":51,"column":68}},{"start":{},"end":{}}],"line":51},"7":{"loc":{"start":{"line":62,"column":4},"end":{"line":62,"column":69}},"type":"if","locations":[{"start":{"line":62,"column":4},"end":{"line":62,"column":69}},{"start":{},"end":{}}],"line":62},"8":{"loc":{"start":{"line":66,"column":4},"end":{"line":66,"column":98}},"type":"if","locations":[{"start":{"line":66,"column":4},"end":{"line":66,"column":98}},{"start":{},"end":{}}],"line":66},"9":{"loc":{"start":{"line":83,"column":4},"end":{"line":83,"column":68}},"type":"if","locations":[{"start":{"line":83,"column":4},"end":{"line":83,"column":68}},{"start":{},"end":{}}],"line":83}},"s":{"0":6,"1":6,"2":6,"3":6,"4":6,"5":6,"6":6,"7":0,"8":0,"9":0,"10":0,"11":6,"12":4,"13":4,"14":2,"15":4,"16":2,"17":4,"18":2,"19":4,"20":4,"21":0,"22":4,"23":0,"24":4,"25":4,"26":6,"27":1,"28":1,"29":0,"30":1,"31":6,"32":0,"33":0,"34":0,"35":0,"36":0,"37":0,"38":0,"39":0,"40":0,"41":0,"42":6,"43":0,"44":0,"45":0,"46":0,"47":0,"48":6},"f":{"0":0,"1":4,"2":1,"3":0,"4":0},"b":{"0":[0,0],"1":[2,2],"2":[2,2],"3":[2,2],"4":[0,4],"5":[0,4],"6":[0,1],"7":[0,0],"8":[0,0],"9":[0,0]},"_coverageSchema":"1a1c01bbd47fc00a2c39e90264f33305004495a9","hash":"6c83d554285342b272e0a11d1aa63e27623a7b41"}
,"/home/vegas/rumate/routes/app.js": {"path":"/home/vegas/rumate/routes/app.js","statementMap":{"0":{"start":{"line":1,"column":0},"end":{"line":1,"column":27}},"1":{"start":{"line":3,"column":13},"end":{"line":3,"column":28}},"2":{"start":{"line":4,"column":13},"end":{"line":4,"column":28}},"3":{"start":{"line":5,"column":16},"end":{"line":5,"column":34}},"4":{"start":{"line":6,"column":17},"end":{"line":6,"column":36}},"5":{"start":{"line":8,"column":13},"end":{"line":8,"column":38}},"6":{"start":{"line":9,"column":23},"end":{"line":9,"column":50}},"7":{"start":{"line":10,"column":14},"end":{"line":10,"column":32}},"8":{"start":{"line":11,"column":14},"end":{"line":11,"column":32}},"9":{"start":{"line":12,"column":20},"end":{"line":12,"column":44}},"10":{"start":{"line":14,"column":12},"end":{"line":14,"column":21}},"11":{"start":{"line":16,"column":20},"end":{"line":16,"column":44}},"12":{"start":{"line":17,"column":0},"end":{"line":17,"column":30}},"13":{"start":{"line":19,"column":17},"end":{"line":19,"column":36}},"14":{"start":{"line":21,"column":0},"end":{"line":23,"column":3}},"15":{"start":{"line":22,"column":4},"end":{"line":22,"column":23}},"16":{"start":{"line":25,"column":0},"end":{"line":27,"column":3}},"17":{"start":{"line":26,"column":4},"end":{"line":26,"column":38}},"18":{"start":{"line":29,"column":0},"end":{"line":29,"column":26}},"19":{"start":{"line":30,"column":0},"end":{"line":30,"column":24}},"20":{"start":{"line":31,"column":0},"end":{"line":31,"column":59}},"21":{"start":{"line":32,"column":0},"end":{"line":34,"column":4}},"22":{"start":{"line":36,"column":0},"end":{"line":36,"column":31}},"23":{"start":{"line":37,"column":0},"end":{"line":37,"column":25}},"24":{"start":{"line":38,"column":0},"end":{"line":38,"column":43}},"25":{"start":{"line":39,"column":0},"end":{"line":39,"column":37}},"26":{"start":{"line":40,"column":0},"end":{"line":40,"column":25}},"27":{"start":{"line":42,"column":0},"end":{"line":44,"column":3}},"28":{"start":{"line":43,"column":4},"end":{"line":43,"column":68}},"29":{"start":{"line":46,"column":0},"end":{"line":48,"column":3}},"30":{"start":{"line":47,"column":4},"end":{"line":47,"column":49}},"31":{"start":{"line":50,"column":0},"end":{"line":53,"column":3}},"32":{"start":{"line":51,"column":4},"end":{"line":51,"column":29}},"33":{"start":{"line":52,"column":4},"end":{"line":52,"column":56}},"34":{"start":{"line":55,"column":0},"end":{"line":55,"column":21}}},"fnMap":{"0":{"name":"(anonymous_0)","decl":{"start":{"line":21,"column":21},"end":{"line":21,"column":22}},"loc":{"start":{"line":21,"column":32},"end":{"line":23,"column":1}},"line":21},"1":{"name":"(anonymous_1)","decl":{"start":{"line":25,"column":27},"end":{"line":25,"column":28}},"loc":{"start":{"line":25,"column":33},"end":{"line":27,"column":1}},"line":25},"2":{"name":"(anonymous_2)","decl":{"start":{"line":42,"column":13},"end":{"line":42,"column":14}},"loc":{"start":{"line":42,"column":27},"end":{"line":44,"column":1}},"line":42},"3":{"name":"(anonymous_3)","decl":{"start":{"line":46,"column":8},"end":{"line":46,"column":9}},"loc":{"start":{"line":46,"column":22},"end":{"line":48,"column":1}},"line":46},"4":{"name":"(anonymous_4)","decl":{"start":{"line":50,"column":8},"end":{"line":50,"column":9}},"loc":{"start":{"line":50,"column":33},"end":{"line":53,"column":1}},"line":50}},"branchMap":{},"s":{"0":6,"1":6,"2":6,"3":6,"4":6,"5":6,"6":6,"7":6,"8":6,"9":6,"10":6,"11":6,"12":6,"13":6,"14":6,"15":0,"16":6,"17":5,"18":6,"19":6,"20":6,"21":6,"22":6,"23":6,"24":6,"25":6,"26":6,"27":6,"28":1,"29":6,"30":1,"31":6,"32":0,"33":0,"34":6},"f":{"0":0,"1":5,"2":1,"3":1,"4":0},"b":{},"_coverageSchema":"1a1c01bbd47fc00a2c39e90264f33305004495a9","hash":"8bed695159b42692b14684872a984e4561260d9c"}
,"/home/vegas/rumate/routes/authenticate.js": {"path":"/home/vegas/rumate/routes/authenticate.js","statementMap":{"0":{"start":{"line":1,"column":15},"end":{"line":1,"column":32}},"1":{"start":{"line":2,"column":10},"end":{"line":2,"column":27}},"2":{"start":{"line":3,"column":27},"end":{"line":3,"column":52}},"3":{"start":{"line":4,"column":16},"end":{"line":4,"column":34}},"4":{"start":{"line":5,"column":15},"end":{"line":5,"column":31}},"5":{"start":{"line":8,"column":0},"end":{"line":33,"column":3}},"6":{"start":{"line":11,"column":22},"end":{"line":11,"column":40}},"7":{"start":{"line":12,"column":4},"end":{"line":12,"column":69}},"8":{"start":{"line":12,"column":15},"end":{"line":12,"column":69}},"9":{"start":{"line":15,"column":15},"end":{"line":15,"column":64}},"10":{"start":{"line":16,"column":4},"end":{"line":16,"column":80}},"11":{"start":{"line":16,"column":14},"end":{"line":16,"column":80}},"12":{"start":{"line":19,"column":4},"end":{"line":19,"column":64}},"13":{"start":{"line":22,"column":4},"end":{"line":32,"column":7}},"14":{"start":{"line":23,"column":8},"end":{"line":23,"column":76}},"15":{"start":{"line":23,"column":17},"end":{"line":23,"column":76}},"16":{"start":{"line":26,"column":8},"end":{"line":26,"column":29}},"17":{"start":{"line":27,"column":8},"end":{"line":27,"column":26}},"18":{"start":{"line":30,"column":22},"end":{"line":30,"column":46}},"19":{"start":{"line":31,"column":8},"end":{"line":31,"column":82}},"20":{"start":{"line":35,"column":0},"end":{"line":35,"column":24}}},"fnMap":{"0":{"name":"(anonymous_0)","decl":{"start":{"line":8,"column":17},"end":{"line":8,"column":18}},"loc":{"start":{"line":8,"column":37},"end":{"line":33,"column":1}},"line":8},"1":{"name":"(anonymous_1)","decl":{"start":{"line":22,"column":35},"end":{"line":22,"column":36}},"loc":{"start":{"line":22,"column":61},"end":{"line":32,"column":5}},"line":22}},"branchMap":{"0":{"loc":{"start":{"line":12,"column":4},"end":{"line":12,"column":69}},"type":"if","locations":[{"start":{"line":12,"column":4},"end":{"line":12,"column":69}},{"start":{},"end":{}}],"line":12},"1":{"loc":{"start":{"line":16,"column":4},"end":{"line":16,"column":80}},"type":"if","locations":[{"start":{"line":16,"column":4},"end":{"line":16,"column":80}},{"start":{},"end":{}}],"line":16},"2":{"loc":{"start":{"line":23,"column":8},"end":{"line":23,"column":76}},"type":"if","locations":[{"start":{"line":23,"column":8},"end":{"line":23,"column":76}},{"start":{},"end":{}}],"line":23}},"s":{"0":6,"1":6,"2":6,"3":6,"4":6,"5":6,"6":4,"7":4,"8":2,"9":2,"10":2,"11":1,"12":1,"13":1,"14":1,"15":0,"16":1,"17":1,"18":1,"19":1,"20":6},"f":{"0":4,"1":1},"b":{"0":[2,2],"1":[1,1],"2":[0,1]},"_coverageSchema":"1a1c01bbd47fc00a2c39e90264f33305004495a9","hash":"e136ea3b78918a8114236bd36850b8d9cab4b6ed"}
,"/home/vegas/rumate/routes/chats.js": {"path":"/home/vegas/rumate/routes/chats.js","statementMap":{"0":{"start":{"line":1,"column":10},"end":{"line":1,"column":27}},"1":{"start":{"line":2,"column":13},"end":{"line":2,"column":42}},"2":{"start":{"line":3,"column":31},"end":{"line":3,"column":56}},"3":{"start":{"line":4,"column":17},"end":{"line":4,"column":42}},"4":{"start":{"line":5,"column":37},"end":{"line":5,"column":65}},"5":{"start":{"line":6,"column":16},"end":{"line":6,"column":34}},"6":{"start":{"line":7,"column":15},"end":{"line":7,"column":31}},"7":{"start":{"line":10,"column":0},"end":{"line":20,"column":3}},"8":{"start":{"line":12,"column":18},"end":{"line":17,"column":6}},"9":{"start":{"line":19,"column":4},"end":{"line":19,"column":27}},"10":{"start":{"line":23,"column":0},"end":{"line":47,"column":3}},"11":{"start":{"line":25,"column":19},"end":{"line":25,"column":72}},"12":{"start":{"line":26,"column":4},"end":{"line":26,"column":75}},"13":{"start":{"line":26,"column":17},"end":{"line":26,"column":75}},"14":{"start":{"line":28,"column":21},"end":{"line":28,"column":76}},"15":{"start":{"line":29,"column":4},"end":{"line":29,"column":79}},"16":{"start":{"line":29,"column":19},"end":{"line":29,"column":79}},"17":{"start":{"line":32,"column":4},"end":{"line":32,"column":138}},"18":{"start":{"line":32,"column":55},"end":{"line":32,"column":138}},"19":{"start":{"line":35,"column":15},"end":{"line":40,"column":6}},"20":{"start":{"line":42,"column":4},"end":{"line":44,"column":5}},"21":{"start":{"line":43,"column":8},"end":{"line":43,"column":99}},"22":{"start":{"line":46,"column":4},"end":{"line":46,"column":38}},"23":{"start":{"line":50,"column":0},"end":{"line":79,"column":3}},"24":{"start":{"line":52,"column":23},"end":{"line":52,"column":45}},"25":{"start":{"line":53,"column":5},"end":{"line":53,"column":70}},"26":{"start":{"line":53,"column":16},"end":{"line":53,"column":70}},"27":{"start":{"line":56,"column":19},"end":{"line":56,"column":70}},"28":{"start":{"line":57,"column":4},"end":{"line":57,"column":75}},"29":{"start":{"line":57,"column":17},"end":{"line":57,"column":75}},"30":{"start":{"line":59,"column":21},"end":{"line":59,"column":74}},"31":{"start":{"line":60,"column":4},"end":{"line":60,"column":79}},"32":{"start":{"line":60,"column":19},"end":{"line":60,"column":79}},"33":{"start":{"line":63,"column":4},"end":{"line":63,"column":134}},"34":{"start":{"line":63,"column":51},"end":{"line":63,"column":134}},"35":{"start":{"line":66,"column":15},"end":{"line":71,"column":6}},"36":{"start":{"line":73,"column":4},"end":{"line":76,"column":87}},"37":{"start":{"line":74,"column":8},"end":{"line":74,"column":107}},"38":{"start":{"line":75,"column":8},"end":{"line":75,"column":26}},"39":{"start":{"line":76,"column":10},"end":{"line":76,"column":87}},"40":{"start":{"line":78,"column":4},"end":{"line":78,"column":26}},"41":{"start":{"line":82,"column":0},"end":{"line":116,"column":3}},"42":{"start":{"line":84,"column":22},"end":{"line":84,"column":47}},"43":{"start":{"line":85,"column":4},"end":{"line":85,"column":69}},"44":{"start":{"line":85,"column":15},"end":{"line":85,"column":69}},"45":{"start":{"line":88,"column":19},"end":{"line":88,"column":70}},"46":{"start":{"line":89,"column":4},"end":{"line":89,"column":75}},"47":{"start":{"line":89,"column":17},"end":{"line":89,"column":75}},"48":{"start":{"line":91,"column":21},"end":{"line":91,"column":74}},"49":{"start":{"line":92,"column":4},"end":{"line":92,"column":79}},"50":{"start":{"line":92,"column":19},"end":{"line":92,"column":79}},"51":{"start":{"line":95,"column":4},"end":{"line":95,"column":133}},"52":{"start":{"line":95,"column":50},"end":{"line":95,"column":133}},"53":{"start":{"line":98,"column":15},"end":{"line":103,"column":6}},"54":{"start":{"line":105,"column":4},"end":{"line":108,"column":5}},"55":{"start":{"line":106,"column":8},"end":{"line":106,"column":107}},"56":{"start":{"line":107,"column":8},"end":{"line":107,"column":26}},"57":{"start":{"line":111,"column":20},"end":{"line":111,"column":101}},"58":{"start":{"line":112,"column":4},"end":{"line":112,"column":35}},"59":{"start":{"line":113,"column":4},"end":{"line":113,"column":22}},"60":{"start":{"line":115,"column":4},"end":{"line":115,"column":26}},"61":{"start":{"line":119,"column":0},"end":{"line":124,"column":3}},"62":{"start":{"line":121,"column":17},"end":{"line":121,"column":112}},"63":{"start":{"line":122,"column":4},"end":{"line":122,"column":61}},"64":{"start":{"line":122,"column":15},"end":{"line":122,"column":61}},"65":{"start":{"line":123,"column":4},"end":{"line":123,"column":26}},"66":{"start":{"line":126,"column":0},"end":{"line":126,"column":24}}},"fnMap":{"0":{"name":"(anonymous_0)","decl":{"start":{"line":10,"column":23},"end":{"line":10,"column":24}},"loc":{"start":{"line":10,"column":43},"end":{"line":20,"column":1}},"line":10},"1":{"name":"(anonymous_1)","decl":{"start":{"line":23,"column":37},"end":{"line":23,"column":38}},"loc":{"start":{"line":23,"column":57},"end":{"line":47,"column":1}},"line":23},"2":{"name":"(anonymous_2)","decl":{"start":{"line":50,"column":52},"end":{"line":50,"column":53}},"loc":{"start":{"line":50,"column":72},"end":{"line":79,"column":1}},"line":50},"3":{"name":"(anonymous_3)","decl":{"start":{"line":82,"column":55},"end":{"line":82,"column":56}},"loc":{"start":{"line":82,"column":75},"end":{"line":116,"column":1}},"line":82},"4":{"name":"(anonymous_4)","decl":{"start":{"line":119,"column":40},"end":{"line":119,"column":41}},"loc":{"start":{"line":119,"column":60},"end":{"line":124,"column":1}},"line":119}},"branchMap":{"0":{"loc":{"start":{"line":26,"column":4},"end":{"line":26,"column":75}},"type":"if","locations":[{"start":{"line":26,"column":4},"end":{"line":26,"column":75}},{"start":{},"end":{}}],"line":26},"1":{"loc":{"start":{"line":29,"column":4},"end":{"line":29,"column":79}},"type":"if","locations":[{"start":{"line":29,"column":4},"end":{"line":29,"column":79}},{"start":{},"end":{}}],"line":29},"2":{"loc":{"start":{"line":32,"column":4},"end":{"line":32,"column":138}},"type":"if","locations":[{"start":{"line":32,"column":4},"end":{"line":32,"column":138}},{"start":{},"end":{}}],"line":32},"3":{"loc":{"start":{"line":42,"column":4},"end":{"line":44,"column":5}},"type":"if","locations":[{"start":{"line":42,"column":4},"end":{"line":44,"column":5}},{"start":{},"end":{}}],"line":42},"4":{"loc":{"start":{"line":53,"column":5},"end":{"line":53,"column":70}},"type":"if","locations":[{"start":{"line":53,"column":5},"end":{"line":53,"column":70}},{"start":{},"end":{}}],"line":53},"5":{"loc":{"start":{"line":57,"column":4},"end":{"line":57,"column":75}},"type":"if","locations":[{"start":{"line":57,"column":4},"end":{"line":57,"column":75}},{"start":{},"end":{}}],"line":57},"6":{"loc":{"start":{"line":60,"column":4},"end":{"line":60,"column":79}},"type":"if","locations":[{"start":{"line":60,"column":4},"end":{"line":60,"column":79}},{"start":{},"end":{}}],"line":60},"7":{"loc":{"start":{"line":63,"column":4},"end":{"line":63,"column":134}},"type":"if","locations":[{"start":{"line":63,"column":4},"end":{"line":63,"column":134}},{"start":{},"end":{}}],"line":63},"8":{"loc":{"start":{"line":73,"column":4},"end":{"line":76,"column":87}},"type":"if","locations":[{"start":{"line":73,"column":4},"end":{"line":76,"column":87}},{"start":{"line":76,"column":10},"end":{"line":76,"column":87}}],"line":73},"9":{"loc":{"start":{"line":85,"column":4},"end":{"line":85,"column":69}},"type":"if","locations":[{"start":{"line":85,"column":4},"end":{"line":85,"column":69}},{"start":{},"end":{}}],"line":85},"10":{"loc":{"start":{"line":89,"column":4},"end":{"line":89,"column":75}},"type":"if","locations":[{"start":{"line":89,"column":4},"end":{"line":89,"column":75}},{"start":{},"end":{}}],"line":89},"11":{"loc":{"start":{"line":92,"column":4},"end":{"line":92,"column":79}},"type":"if","locations":[{"start":{"line":92,"column":4},"end":{"line":92,"column":79}},{"start":{},"end":{}}],"line":92},"12":{"loc":{"start":{"line":95,"column":4},"end":{"line":95,"column":133}},"type":"if","locations":[{"start":{"line":95,"column":4},"end":{"line":95,"column":133}},{"start":{},"end":{}}],"line":95},"13":{"loc":{"start":{"line":105,"column":4},"end":{"line":108,"column":5}},"type":"if","locations":[{"start":{"line":105,"column":4},"end":{"line":108,"column":5}},{"start":{},"end":{}}],"line":105},"14":{"loc":{"start":{"line":122,"column":4},"end":{"line":122,"column":61}},"type":"if","locations":[{"start":{"line":122,"column":4},"end":{"line":122,"column":61}},{"start":{},"end":{}}],"line":122}},"s":{"0":6,"1":6,"2":6,"3":6,"4":6,"5":6,"6":6,"7":6,"8":0,"9":0,"10":6,"11":0,"12":0,"13":0,"14":0,"15":0,"16":0,"17":0,"18":0,"19":0,"20":0,"21":0,"22":0,"23":6,"24":2,"25":2,"26":0,"27":2,"28":2,"29":0,"30":2,"31":2,"32":0,"33":2,"34":0,"35":2,"36":2,"37":1,"38":1,"39":1,"40":1,"41":6,"42":3,"43":3,"44":1,"45":2,"46":2,"47":0,"48":2,"49":2,"50":0,"51":2,"52":0,"53":2,"54":2,"55":1,"56":1,"57":2,"58":2,"59":2,"60":2,"61":6,"62":0,"63":0,"64":0,"65":0,"66":6},"f":{"0":0,"1":0,"2":2,"3":3,"4":0},"b":{"0":[0,0],"1":[0,0],"2":[0,0],"3":[0,0],"4":[0,2],"5":[0,2],"6":[0,2],"7":[0,2],"8":[1,1],"9":[1,2],"10":[0,2],"11":[0,2],"12":[0,2],"13":[1,1],"14":[0,0]},"_coverageSchema":"1a1c01bbd47fc00a2c39e90264f33305004495a9","hash":"3043650eed9ce77de200731202d4f875bcfcbae5"}
,"/home/vegas/rumate/routes/preferences.js": {"path":"/home/vegas/rumate/routes/preferences.js","statementMap":{"0":{"start":{"line":2,"column":13},"end":{"line":2,"column":42}},"1":{"start":{"line":5,"column":33},"end":{"line":5,"column":64}},"2":{"start":{"line":6,"column":17},"end":{"line":6,"column":42}},"3":{"start":{"line":7,"column":26},"end":{"line":7,"column":60}},"4":{"start":{"line":10,"column":16},"end":{"line":10,"column":34}},"5":{"start":{"line":11,"column":15},"end":{"line":11,"column":31}},"6":{"start":{"line":14,"column":0},"end":{"line":25,"column":3}},"7":{"start":{"line":17,"column":15},"end":{"line":17,"column":67}},"8":{"start":{"line":18,"column":4},"end":{"line":18,"column":121}},"9":{"start":{"line":18,"column":13},"end":{"line":18,"column":121}},"10":{"start":{"line":21,"column":18},"end":{"line":21,"column":67}},"11":{"start":{"line":24,"column":4},"end":{"line":24,"column":26}},"12":{"start":{"line":28,"column":0},"end":{"line":36,"column":3}},"13":{"start":{"line":31,"column":18},"end":{"line":31,"column":75}},"14":{"start":{"line":32,"column":4},"end":{"line":32,"column":120}},"15":{"start":{"line":32,"column":16},"end":{"line":32,"column":120}},"16":{"start":{"line":35,"column":4},"end":{"line":35,"column":26}},"17":{"start":{"line":39,"column":0},"end":{"line":73,"column":3}},"18":{"start":{"line":42,"column":4},"end":{"line":42,"column":46}},"19":{"start":{"line":45,"column":22},"end":{"line":45,"column":40}},"20":{"start":{"line":46,"column":4},"end":{"line":46,"column":69}},"21":{"start":{"line":46,"column":15},"end":{"line":46,"column":69}},"22":{"start":{"line":49,"column":17},"end":{"line":49,"column":71}},"23":{"start":{"line":50,"column":4},"end":{"line":50,"column":89}},"24":{"start":{"line":50,"column":15},"end":{"line":50,"column":89}},"25":{"start":{"line":53,"column":15},"end":{"line":53,"column":76}},"26":{"start":{"line":54,"column":4},"end":{"line":54,"column":84}},"27":{"start":{"line":54,"column":13},"end":{"line":54,"column":84}},"28":{"start":{"line":57,"column":4},"end":{"line":57,"column":117}},"29":{"start":{"line":57,"column":32},"end":{"line":57,"column":117}},"30":{"start":{"line":60,"column":18},"end":{"line":60,"column":90}},"31":{"start":{"line":61,"column":4},"end":{"line":61,"column":103}},"32":{"start":{"line":61,"column":27},"end":{"line":61,"column":103}},"33":{"start":{"line":64,"column":15},"end":{"line":64,"column":83}},"34":{"start":{"line":64,"column":35},"end":{"line":64,"column":82}},"35":{"start":{"line":65,"column":4},"end":{"line":65,"column":133}},"36":{"start":{"line":65,"column":26},"end":{"line":65,"column":133}},"37":{"start":{"line":68,"column":4},"end":{"line":68,"column":36}},"38":{"start":{"line":69,"column":4},"end":{"line":69,"column":22}},"39":{"start":{"line":72,"column":4},"end":{"line":72,"column":26}},"40":{"start":{"line":76,"column":0},"end":{"line":86,"column":3}},"41":{"start":{"line":79,"column":17},"end":{"line":79,"column":74}},"42":{"start":{"line":82,"column":4},"end":{"line":82,"column":67}},"43":{"start":{"line":82,"column":15},"end":{"line":82,"column":67}},"44":{"start":{"line":85,"column":4},"end":{"line":85,"column":26}},"45":{"start":{"line":89,"column":0},"end":{"line":89,"column":24}}},"fnMap":{"0":{"name":"(anonymous_0)","decl":{"start":{"line":14,"column":28},"end":{"line":14,"column":29}},"loc":{"start":{"line":14,"column":48},"end":{"line":25,"column":1}},"line":14},"1":{"name":"(anonymous_1)","decl":{"start":{"line":28,"column":30},"end":{"line":28,"column":31}},"loc":{"start":{"line":28,"column":50},"end":{"line":36,"column":1}},"line":28},"2":{"name":"(anonymous_2)","decl":{"start":{"line":39,"column":23},"end":{"line":39,"column":24}},"loc":{"start":{"line":39,"column":43},"end":{"line":73,"column":1}},"line":39},"3":{"name":"(anonymous_3)","decl":{"start":{"line":64,"column":28},"end":{"line":64,"column":29}},"loc":{"start":{"line":64,"column":35},"end":{"line":64,"column":82}},"line":64},"4":{"name":"(anonymous_4)","decl":{"start":{"line":76,"column":22},"end":{"line":76,"column":23}},"loc":{"start":{"line":76,"column":42},"end":{"line":86,"column":1}},"line":76}},"branchMap":{"0":{"loc":{"start":{"line":18,"column":4},"end":{"line":18,"column":121}},"type":"if","locations":[{"start":{"line":18,"column":4},"end":{"line":18,"column":121}},{"start":{},"end":{}}],"line":18},"1":{"loc":{"start":{"line":32,"column":4},"end":{"line":32,"column":120}},"type":"if","locations":[{"start":{"line":32,"column":4},"end":{"line":32,"column":120}},{"start":{},"end":{}}],"line":32},"2":{"loc":{"start":{"line":46,"column":4},"end":{"line":46,"column":69}},"type":"if","locations":[{"start":{"line":46,"column":4},"end":{"line":46,"column":69}},{"start":{},"end":{}}],"line":46},"3":{"loc":{"start":{"line":50,"column":4},"end":{"line":50,"column":89}},"type":"if","locations":[{"start":{"line":50,"column":4},"end":{"line":50,"column":89}},{"start":{},"end":{}}],"line":50},"4":{"loc":{"start":{"line":54,"column":4},"end":{"line":54,"column":84}},"type":"if","locations":[{"start":{"line":54,"column":4},"end":{"line":54,"column":84}},{"start":{},"end":{}}],"line":54},"5":{"loc":{"start":{"line":57,"column":4},"end":{"line":57,"column":117}},"type":"if","locations":[{"start":{"line":57,"column":4},"end":{"line":57,"column":117}},{"start":{},"end":{}}],"line":57},"6":{"loc":{"start":{"line":61,"column":4},"end":{"line":61,"column":103}},"type":"if","locations":[{"start":{"line":61,"column":4},"end":{"line":61,"column":103}},{"start":{},"end":{}}],"line":61},"7":{"loc":{"start":{"line":65,"column":4},"end":{"line":65,"column":133}},"type":"if","locations":[{"start":{"line":65,"column":4},"end":{"line":65,"column":133}},{"start":{},"end":{}}],"line":65},"8":{"loc":{"start":{"line":82,"column":4},"end":{"line":82,"column":67}},"type":"if","locations":[{"start":{"line":82,"column":4},"end":{"line":82,"column":67}},{"start":{},"end":{}}],"line":82}},"s":{"0":6,"1":6,"2":6,"3":6,"4":6,"5":6,"6":6,"7":0,"8":0,"9":0,"10":0,"11":0,"12":6,"13":0,"14":0,"15":0,"16":0,"17":6,"18":3,"19":3,"20":3,"21":0,"22":3,"23":3,"24":0,"25":3,"26":3,"27":3,"28":0,"29":0,"30":0,"31":0,"32":0,"33":0,"34":0,"35":0,"36":0,"37":0,"38":0,"39":0,"40":6,"41":0,"42":0,"43":0,"44":0,"45":6},"f":{"0":0,"1":0,"2":3,"3":0,"4":0},"b":{"0":[0,0],"1":[0,0],"2":[0,3],"3":[0,3],"4":[3,0],"5":[0,0],"6":[0,0],"7":[0,0],"8":[0,0]},"_coverageSchema":"1a1c01bbd47fc00a2c39e90264f33305004495a9","hash":"91c504f2845714cabbd537d1c13bd891697ecee4"}
,"/home/vegas/rumate/routes/users.js": {"path":"/home/vegas/rumate/routes/users.js","statementMap":{"0":{"start":{"line":1,"column":15},"end":{"line":1,"column":32}},"1":{"start":{"line":2,"column":10},"end":{"line":2,"column":27}},"2":{"start":{"line":3,"column":27},"end":{"line":3,"column":52}},"3":{"start":{"line":4,"column":13},"end":{"line":4,"column":42}},"4":{"start":{"line":5,"column":16},"end":{"line":5,"column":34}},"5":{"start":{"line":6,"column":26},"end":{"line":6,"column":60}},"6":{"start":{"line":7,"column":23},"end":{"line":7,"column":54}},"7":{"start":{"line":8,"column":15},"end":{"line":8,"column":31}},"8":{"start":{"line":11,"column":0},"end":{"line":18,"column":3}},"9":{"start":{"line":14,"column":17},"end":{"line":14,"column":50}},"10":{"start":{"line":17,"column":4},"end":{"line":17,"column":26}},"11":{"start":{"line":21,"column":0},"end":{"line":28,"column":3}},"12":{"start":{"line":24,"column":17},"end":{"line":24,"column":51}},"13":{"start":{"line":27,"column":4},"end":{"line":27,"column":26}},"14":{"start":{"line":31,"column":0},"end":{"line":38,"column":3}},"15":{"start":{"line":34,"column":17},"end":{"line":34,"column":70}},"16":{"start":{"line":37,"column":4},"end":{"line":37,"column":26}},"17":{"start":{"line":41,"column":0},"end":{"line":59,"column":3}},"18":{"start":{"line":44,"column":22},"end":{"line":44,"column":40}},"19":{"start":{"line":45,"column":4},"end":{"line":45,"column":69}},"20":{"start":{"line":45,"column":15},"end":{"line":45,"column":69}},"21":{"start":{"line":48,"column":15},"end":{"line":48,"column":64}},"22":{"start":{"line":49,"column":4},"end":{"line":49,"column":86}},"23":{"start":{"line":49,"column":15},"end":{"line":49,"column":86}},"24":{"start":{"line":52,"column":4},"end":{"line":58,"column":7}},"25":{"start":{"line":53,"column":8},"end":{"line":53,"column":92}},"26":{"start":{"line":53,"column":21},"end":{"line":53,"column":92}},"27":{"start":{"line":56,"column":22},"end":{"line":56,"column":46}},"28":{"start":{"line":57,"column":8},"end":{"line":57,"column":37}},"29":{"start":{"line":61,"column":0},"end":{"line":68,"column":3}},"30":{"start":{"line":64,"column":17},"end":{"line":64,"column":51}},"31":{"start":{"line":67,"column":4},"end":{"line":67,"column":26}},"32":{"start":{"line":71,"column":0},"end":{"line":71,"column":56}},"33":{"start":{"line":71,"column":37},"end":{"line":71,"column":54}},"34":{"start":{"line":74,"column":0},"end":{"line":90,"column":3}},"35":{"start":{"line":77,"column":15},"end":{"line":77,"column":74}},"36":{"start":{"line":80,"column":4},"end":{"line":80,"column":62}},"37":{"start":{"line":83,"column":17},"end":{"line":83,"column":67}},"38":{"start":{"line":86,"column":4},"end":{"line":86,"column":61}},"39":{"start":{"line":86,"column":15},"end":{"line":86,"column":61}},"40":{"start":{"line":89,"column":4},"end":{"line":89,"column":26}},"41":{"start":{"line":93,"column":0},"end":{"line":93,"column":24}}},"fnMap":{"0":{"name":"(anonymous_0)","decl":{"start":{"line":11,"column":24},"end":{"line":11,"column":25}},"loc":{"start":{"line":11,"column":44},"end":{"line":18,"column":1}},"line":11},"1":{"name":"(anonymous_1)","decl":{"start":{"line":21,"column":19},"end":{"line":21,"column":20}},"loc":{"start":{"line":21,"column":39},"end":{"line":28,"column":1}},"line":21},"2":{"name":"(anonymous_2)","decl":{"start":{"line":31,"column":34},"end":{"line":31,"column":35}},"loc":{"start":{"line":31,"column":54},"end":{"line":38,"column":1}},"line":31},"3":{"name":"(anonymous_3)","decl":{"start":{"line":41,"column":17},"end":{"line":41,"column":18}},"loc":{"start":{"line":41,"column":37},"end":{"line":59,"column":1}},"line":41},"4":{"name":"(anonymous_4)","decl":{"start":{"line":52,"column":53},"end":{"line":52,"column":54}},"loc":{"start":{"line":52,"column":75},"end":{"line":58,"column":5}},"line":52},"5":{"name":"(anonymous_5)","decl":{"start":{"line":61,"column":19},"end":{"line":61,"column":20}},"loc":{"start":{"line":61,"column":39},"end":{"line":68,"column":1}},"line":61},"6":{"name":"(anonymous_6)","decl":{"start":{"line":71,"column":23},"end":{"line":71,"column":24}},"loc":{"start":{"line":71,"column":37},"end":{"line":71,"column":54}},"line":71},"7":{"name":"(anonymous_7)","decl":{"start":{"line":74,"column":25},"end":{"line":74,"column":26}},"loc":{"start":{"line":74,"column":45},"end":{"line":90,"column":1}},"line":74}},"branchMap":{"0":{"loc":{"start":{"line":45,"column":4},"end":{"line":45,"column":69}},"type":"if","locations":[{"start":{"line":45,"column":4},"end":{"line":45,"column":69}},{"start":{},"end":{}}],"line":45},"1":{"loc":{"start":{"line":49,"column":4},"end":{"line":49,"column":86}},"type":"if","locations":[{"start":{"line":49,"column":4},"end":{"line":49,"column":86}},{"start":{},"end":{}}],"line":49},"2":{"loc":{"start":{"line":53,"column":8},"end":{"line":53,"column":92}},"type":"if","locations":[{"start":{"line":53,"column":8},"end":{"line":53,"column":92}},{"start":{},"end":{}}],"line":53},"3":{"loc":{"start":{"line":86,"column":4},"end":{"line":86,"column":61}},"type":"if","locations":[{"start":{"line":86,"column":4},"end":{"line":86,"column":61}},{"start":{},"end":{}}],"line":86}},"s":{"0":6,"1":6,"2":6,"3":6,"4":6,"5":6,"6":6,"7":6,"8":6,"9":0,"10":0,"11":6,"12":0,"13":0,"14":6,"15":0,"16":0,"17":6,"18":3,"19":3,"20":0,"21":3,"22":3,"23":1,"24":2,"25":2,"26":1,"27":1,"28":1,"29":6,"30":0,"31":0,"32":6,"33":1,"34":6,"35":0,"36":0,"37":0,"38":0,"39":0,"40":0,"41":6},"f":{"0":0,"1":0,"2":0,"3":3,"4":2,"5":0,"6":1,"7":0},"b":{"0":[0,3],"1":[1,2],"2":[1,1],"3":[0,0]},"_coverageSchema":"1a1c01bbd47fc00a2c39e90264f33305004495a9","hash":"a4d1245281c8c004bc96c9db315605aa40dc3343"}
}
