{"/home/stecmp/testing_rumate/rumate/middleware/auth.js": {"path":"/home/stecmp/testing_rumate/rumate/middleware/auth.js","statementMap":{"0":{"start":{"line":1,"column":12},"end":{"line":1,"column":35}},"1":{"start":{"line":4,"column":18},"end":{"line":4,"column":44}},"2":{"start":{"line":5,"column":4},"end":{"line":5,"column":61}},"3":{"start":{"line":5,"column":16},"end":{"line":5,"column":61}},"4":{"start":{"line":7,"column":4},"end":{"line":14,"column":5}},"5":{"start":{"line":8,"column":24},"end":{"line":8,"column":67}},"6":{"start":{"line":9,"column":8},"end":{"line":9,"column":27}},"7":{"start":{"line":10,"column":8},"end":{"line":10,"column":15}},"8":{"start":{"line":13,"column":8},"end":{"line":13,"column":46}},"9":{"start":{"line":17,"column":0},"end":{"line":17,"column":22}}},"fnMap":{"0":{"name":"auth","decl":{"start":{"line":3,"column":9},"end":{"line":3,"column":13}},"loc":{"start":{"line":3,"column":30},"end":{"line":15,"column":1}},"line":3}},"branchMap":{"0":{"loc":{"start":{"line":5,"column":4},"end":{"line":5,"column":61}},"type":"if","locations":[{"start":{"line":5,"column":4},"end":{"line":5,"column":61}},{"start":{},"end":{}}],"line":5}},"s":{"0":1,"1":0,"2":0,"3":0,"4":0,"5":0,"6":0,"7":0,"8":0,"9":1},"f":{"0":0},"b":{"0":[0,0]},"_coverageSchema":"1a1c01bbd47fc00a2c39e90264f33305004495a9","hash":"5b7296d9bf1a04c9e6d0b562aae0f934f2c3b774"}
,"/home/stecmp/testing_rumate/rumate/models/advertisement.js": {"path":"/home/stecmp/testing_rumate/rumate/models/advertisement.js","statementMap":{"0":{"start":{"line":7,"column":15},"end":{"line":7,"column":32}},"1":{"start":{"line":8,"column":17},"end":{"line":8,"column":36}},"2":{"start":{"line":9,"column":12},"end":{"line":10,"column":41}},"3":{"start":{"line":11,"column":0},"end":{"line":11,"column":43}},"4":{"start":{"line":14,"column":28},"end":{"line":61,"column":2}},"5":{"start":{"line":64,"column":22},"end":{"line":64,"column":74}},"6":{"start":{"line":68,"column":16},"end":{"line":68,"column":45}},"7":{"start":{"line":69,"column":18},"end":{"line":69,"column":59}},"8":{"start":{"line":71,"column":19},"end":{"line":81,"column":6}},"9":{"start":{"line":83,"column":4},"end":{"line":83,"column":42}},"10":{"start":{"line":87,"column":0},"end":{"line":87,"column":37}},"11":{"start":{"line":88,"column":0},"end":{"line":88,"column":40}}},"fnMap":{"0":{"name":"validateAdvertisement","decl":{"start":{"line":67,"column":9},"end":{"line":67,"column":30}},"loc":{"start":{"line":67,"column":46},"end":{"line":84,"column":1}},"line":67}},"branchMap":{},"s":{"0":1,"1":1,"2":1,"3":1,"4":1,"5":1,"6":0,"7":0,"8":0,"9":0,"10":1,"11":1},"f":{"0":0},"b":{},"_coverageSchema":"1a1c01bbd47fc00a2c39e90264f33305004495a9","hash":"79fcf8e44475a409753ae8c82dc69d3ac05a587b"}
,"/home/stecmp/testing_rumate/rumate/models/chat.js": {"path":"/home/stecmp/testing_rumate/rumate/models/chat.js","statementMap":{"0":{"start":{"line":6,"column":17},"end":{"line":6,"column":36}},"1":{"start":{"line":7,"column":12},"end":{"line":7,"column":26}},"2":{"start":{"line":8,"column":26},"end":{"line":8,"column":46}},"3":{"start":{"line":11,"column":19},"end":{"line":24,"column":2}},"4":{"start":{"line":27,"column":13},"end":{"line":27,"column":47}},"5":{"start":{"line":30,"column":19},"end":{"line":33,"column":6}},"6":{"start":{"line":35,"column":4},"end":{"line":35,"column":36}},"7":{"start":{"line":39,"column":0},"end":{"line":39,"column":20}},"8":{"start":{"line":40,"column":0},"end":{"line":40,"column":35}}},"fnMap":{"0":{"name":"validateChat","decl":{"start":{"line":29,"column":9},"end":{"line":29,"column":21}},"loc":{"start":{"line":29,"column":31},"end":{"line":36,"column":1}},"line":29}},"branchMap":{},"s":{"0":1,"1":1,"2":1,"3":1,"4":1,"5":0,"6":0,"7":1,"8":1},"f":{"0":0},"b":{},"_coverageSchema":"1a1c01bbd47fc00a2c39e90264f33305004495a9","hash":"b0f94f0be8a9fc9e93532892639c0028c5f5e49d"}
,"/home/stecmp/testing_rumate/rumate/models/message.js": {"path":"/home/stecmp/testing_rumate/rumate/models/message.js","statementMap":{"0":{"start":{"line":6,"column":17},"end":{"line":6,"column":36}},"1":{"start":{"line":7,"column":12},"end":{"line":7,"column":26}},"2":{"start":{"line":10,"column":22},"end":{"line":29,"column":2}},"3":{"start":{"line":32,"column":16},"end":{"line":32,"column":56}},"4":{"start":{"line":35,"column":19},"end":{"line":40,"column":6}},"5":{"start":{"line":42,"column":4},"end":{"line":42,"column":36}},"6":{"start":{"line":46,"column":0},"end":{"line":46,"column":25}},"7":{"start":{"line":47,"column":0},"end":{"line":47,"column":41}}},"fnMap":{"0":{"name":"validateMessage","decl":{"start":{"line":34,"column":9},"end":{"line":34,"column":24}},"loc":{"start":{"line":34,"column":34},"end":{"line":43,"column":1}},"line":34}},"branchMap":{},"s":{"0":1,"1":1,"2":1,"3":1,"4":0,"5":0,"6":1,"7":1},"f":{"0":0},"b":{},"_coverageSchema":"1a1c01bbd47fc00a2c39e90264f33305004495a9","hash":"15560267bb48532e1c93feca3275adabb1e35644"}
,"/home/stecmp/testing_rumate/rumate/models/preference.js": {"path":"/home/stecmp/testing_rumate/rumate/models/preference.js","statementMap":{"0":{"start":{"line":1,"column":17},"end":{"line":1,"column":36}},"1":{"start":{"line":2,"column":12},"end":{"line":2,"column":26}},"2":{"start":{"line":3,"column":0},"end":{"line":3,"column":43}},"3":{"start":{"line":5,"column":25},"end":{"line":14,"column":2}},"4":{"start":{"line":16,"column":19},"end":{"line":16,"column":65}},"5":{"start":{"line":19,"column":19},"end":{"line":22,"column":6}},"6":{"start":{"line":24,"column":4},"end":{"line":24,"column":39}},"7":{"start":{"line":27,"column":0},"end":{"line":27,"column":31}},"8":{"start":{"line":28,"column":0},"end":{"line":28,"column":37}}},"fnMap":{"0":{"name":"validatePreference","decl":{"start":{"line":18,"column":9},"end":{"line":18,"column":27}},"loc":{"start":{"line":18,"column":40},"end":{"line":25,"column":1}},"line":18}},"branchMap":{},"s":{"0":1,"1":1,"2":1,"3":1,"4":1,"5":0,"6":0,"7":1,"8":1},"f":{"0":0},"b":{},"_coverageSchema":"1a1c01bbd47fc00a2c39e90264f33305004495a9","hash":"7845ae1ff58b64fd837fb6318f96f5571f0e1bd7"}
,"/home/stecmp/testing_rumate/rumate/models/user.js": {"path":"/home/stecmp/testing_rumate/rumate/models/user.js","statementMap":{"0":{"start":{"line":7,"column":12},"end":{"line":7,"column":35}},"1":{"start":{"line":8,"column":17},"end":{"line":8,"column":36}},"2":{"start":{"line":9,"column":12},"end":{"line":9,"column":26}},"3":{"start":{"line":11,"column":19},"end":{"line":24,"column":2}},"4":{"start":{"line":26,"column":0},"end":{"line":29,"column":1}},"5":{"start":{"line":27,"column":18},"end":{"line":27,"column":101}},"6":{"start":{"line":28,"column":4},"end":{"line":28,"column":17}},"7":{"start":{"line":31,"column":13},"end":{"line":31,"column":47}},"8":{"start":{"line":34,"column":19},"end":{"line":37,"column":6}},"9":{"start":{"line":39,"column":4},"end":{"line":39,"column":33}},"10":{"start":{"line":42,"column":0},"end":{"line":42,"column":19}},"11":{"start":{"line":43,"column":0},"end":{"line":43,"column":31}}},"fnMap":{"0":{"name":"(anonymous_0)","decl":{"start":{"line":26,"column":39},"end":{"line":26,"column":40}},"loc":{"start":{"line":26,"column":50},"end":{"line":29,"column":1}},"line":26},"1":{"name":"validateUser","decl":{"start":{"line":33,"column":9},"end":{"line":33,"column":21}},"loc":{"start":{"line":33,"column":28},"end":{"line":40,"column":1}},"line":33}},"branchMap":{},"s":{"0":1,"1":1,"2":1,"3":1,"4":1,"5":0,"6":0,"7":1,"8":0,"9":0,"10":1,"11":1},"f":{"0":0,"1":0},"b":{},"_coverageSchema":"1a1c01bbd47fc00a2c39e90264f33305004495a9","hash":"4aadc31a044288d1566f91be62341ffbd8bb39c3"}
,"/home/stecmp/testing_rumate/rumate/routes/advertisements.js": {"path":"/home/stecmp/testing_rumate/rumate/routes/advertisements.js","statementMap":{"0":{"start":{"line":9,"column":10},"end":{"line":9,"column":27}},"1":{"start":{"line":10,"column":13},"end":{"line":10,"column":42}},"2":{"start":{"line":11,"column":36},"end":{"line":11,"column":70}},"3":{"start":{"line":12,"column":16},"end":{"line":12,"column":34}},"4":{"start":{"line":13,"column":15},"end":{"line":13,"column":31}},"5":{"start":{"line":16,"column":0},"end":{"line":34,"column":3}},"6":{"start":{"line":19,"column":18},"end":{"line":19,"column":38}},"7":{"start":{"line":22,"column":4},"end":{"line":22,"column":81}},"8":{"start":{"line":22,"column":30},"end":{"line":22,"column":81}},"9":{"start":{"line":23,"column":4},"end":{"line":23,"column":83}},"10":{"start":{"line":23,"column":29},"end":{"line":23,"column":83}},"11":{"start":{"line":24,"column":4},"end":{"line":24,"column":101}},"12":{"start":{"line":24,"column":35},"end":{"line":24,"column":101}},"13":{"start":{"line":27,"column":17},"end":{"line":27,"column":31}},"14":{"start":{"line":28,"column":4},"end":{"line":29,"column":71}},"15":{"start":{"line":28,"column":25},"end":{"line":28,"column":54}},"16":{"start":{"line":29,"column":9},"end":{"line":29,"column":71}},"17":{"start":{"line":29,"column":36},"end":{"line":29,"column":71}},"18":{"start":{"line":32,"column":16},"end":{"line":32,"column":34}},"19":{"start":{"line":33,"column":4},"end":{"line":33,"column":25}},"20":{"start":{"line":37,"column":0},"end":{"line":41,"column":3}},"21":{"start":{"line":38,"column":15},"end":{"line":38,"column":64}},"22":{"start":{"line":39,"column":4},"end":{"line":39,"column":68}},"23":{"start":{"line":39,"column":13},"end":{"line":39,"column":68}},"24":{"start":{"line":40,"column":4},"end":{"line":40,"column":24}},"25":{"start":{"line":44,"column":0},"end":{"line":48,"column":3}},"26":{"start":{"line":45,"column":15},"end":{"line":45,"column":72}},"27":{"start":{"line":46,"column":4},"end":{"line":46,"column":68}},"28":{"start":{"line":46,"column":13},"end":{"line":46,"column":68}},"29":{"start":{"line":47,"column":4},"end":{"line":47,"column":24}},"30":{"start":{"line":51,"column":0},"end":{"line":66,"column":3}},"31":{"start":{"line":53,"column":4},"end":{"line":53,"column":36}},"32":{"start":{"line":54,"column":22},"end":{"line":54,"column":40}},"33":{"start":{"line":55,"column":4},"end":{"line":55,"column":69}},"34":{"start":{"line":55,"column":15},"end":{"line":55,"column":69}},"35":{"start":{"line":58,"column":13},"end":{"line":58,"column":69}},"36":{"start":{"line":59,"column":4},"end":{"line":59,"column":98}},"37":{"start":{"line":59,"column":12},"end":{"line":59,"column":98}},"38":{"start":{"line":62,"column":4},"end":{"line":62,"column":37}},"39":{"start":{"line":63,"column":4},"end":{"line":63,"column":20}},"40":{"start":{"line":65,"column":4},"end":{"line":65,"column":24}},"41":{"start":{"line":69,"column":0},"end":{"line":76,"column":3}},"42":{"start":{"line":71,"column":15},"end":{"line":71,"column":77}},"43":{"start":{"line":72,"column":4},"end":{"line":74,"column":5}},"44":{"start":{"line":73,"column":8},"end":{"line":73,"column":63}},"45":{"start":{"line":75,"column":4},"end":{"line":75,"column":58}},"46":{"start":{"line":79,"column":0},"end":{"line":79,"column":24}}},"fnMap":{"0":{"name":"(anonymous_0)","decl":{"start":{"line":16,"column":16},"end":{"line":16,"column":17}},"loc":{"start":{"line":16,"column":36},"end":{"line":34,"column":1}},"line":16},"1":{"name":"(anonymous_1)","decl":{"start":{"line":37,"column":27},"end":{"line":37,"column":28}},"loc":{"start":{"line":37,"column":47},"end":{"line":41,"column":1}},"line":37},"2":{"name":"(anonymous_2)","decl":{"start":{"line":44,"column":33},"end":{"line":44,"column":34}},"loc":{"start":{"line":44,"column":53},"end":{"line":48,"column":1}},"line":44},"3":{"name":"(anonymous_3)","decl":{"start":{"line":51,"column":30},"end":{"line":51,"column":31}},"loc":{"start":{"line":51,"column":50},"end":{"line":66,"column":1}},"line":51},"4":{"name":"(anonymous_4)","decl":{"start":{"line":69,"column":29},"end":{"line":69,"column":30}},"loc":{"start":{"line":69,"column":49},"end":{"line":76,"column":1}},"line":69}},"branchMap":{"0":{"loc":{"start":{"line":22,"column":4},"end":{"line":22,"column":81}},"type":"if","locations":[{"start":{"line":22,"column":4},"end":{"line":22,"column":81}},{"start":{},"end":{}}],"line":22},"1":{"loc":{"start":{"line":23,"column":4},"end":{"line":23,"column":83}},"type":"if","locations":[{"start":{"line":23,"column":4},"end":{"line":23,"column":83}},{"start":{},"end":{}}],"line":23},"2":{"loc":{"start":{"line":24,"column":4},"end":{"line":24,"column":101}},"type":"if","locations":[{"start":{"line":24,"column":4},"end":{"line":24,"column":101}},{"start":{},"end":{}}],"line":24},"3":{"loc":{"start":{"line":28,"column":4},"end":{"line":29,"column":71}},"type":"if","locations":[{"start":{"line":28,"column":4},"end":{"line":29,"column":71}},{"start":{"line":29,"column":9},"end":{"line":29,"column":71}}],"line":28},"4":{"loc":{"start":{"line":29,"column":9},"end":{"line":29,"column":71}},"type":"if","locations":[{"start":{"line":29,"column":9},"end":{"line":29,"column":71}},{"start":{},"end":{}}],"line":29},"5":{"loc":{"start":{"line":39,"column":4},"end":{"line":39,"column":68}},"type":"if","locations":[{"start":{"line":39,"column":4},"end":{"line":39,"column":68}},{"start":{},"end":{}}],"line":39},"6":{"loc":{"start":{"line":46,"column":4},"end":{"line":46,"column":68}},"type":"if","locations":[{"start":{"line":46,"column":4},"end":{"line":46,"column":68}},{"start":{},"end":{}}],"line":46},"7":{"loc":{"start":{"line":55,"column":4},"end":{"line":55,"column":69}},"type":"if","locations":[{"start":{"line":55,"column":4},"end":{"line":55,"column":69}},{"start":{},"end":{}}],"line":55},"8":{"loc":{"start":{"line":59,"column":4},"end":{"line":59,"column":98}},"type":"if","locations":[{"start":{"line":59,"column":4},"end":{"line":59,"column":98}},{"start":{},"end":{}}],"line":59},"9":{"loc":{"start":{"line":72,"column":4},"end":{"line":74,"column":5}},"type":"if","locations":[{"start":{"line":72,"column":4},"end":{"line":74,"column":5}},{"start":{},"end":{}}],"line":72}},"s":{"0":1,"1":1,"2":1,"3":1,"4":1,"5":1,"6":0,"7":0,"8":0,"9":0,"10":0,"11":0,"12":0,"13":0,"14":0,"15":0,"16":0,"17":0,"18":0,"19":0,"20":1,"21":0,"22":0,"23":0,"24":0,"25":1,"26":0,"27":0,"28":0,"29":0,"30":1,"31":0,"32":0,"33":0,"34":0,"35":0,"36":0,"37":0,"38":0,"39":0,"40":0,"41":1,"42":0,"43":0,"44":0,"45":0,"46":1},"f":{"0":0,"1":0,"2":0,"3":0,"4":0},"b":{"0":[0,0],"1":[0,0],"2":[0,0],"3":[0,0],"4":[0,0],"5":[0,0],"6":[0,0],"7":[0,0],"8":[0,0],"9":[0,0]},"_coverageSchema":"1a1c01bbd47fc00a2c39e90264f33305004495a9","hash":"29c7b816e82078e2e5339ca07508ce8761a6daec"}
,"/home/stecmp/testing_rumate/rumate/routes/app.js": {"path":"/home/stecmp/testing_rumate/rumate/routes/app.js","statementMap":{"0":{"start":{"line":1,"column":0},"end":{"line":1,"column":27}},"1":{"start":{"line":3,"column":13},"end":{"line":3,"column":28}},"2":{"start":{"line":4,"column":13},"end":{"line":4,"column":28}},"3":{"start":{"line":5,"column":16},"end":{"line":5,"column":34}},"4":{"start":{"line":6,"column":17},"end":{"line":6,"column":36}},"5":{"start":{"line":8,"column":13},"end":{"line":8,"column":38}},"6":{"start":{"line":9,"column":23},"end":{"line":9,"column":50}},"7":{"start":{"line":10,"column":14},"end":{"line":10,"column":32}},"8":{"start":{"line":11,"column":14},"end":{"line":11,"column":32}},"9":{"start":{"line":12,"column":20},"end":{"line":12,"column":44}},"10":{"start":{"line":14,"column":12},"end":{"line":14,"column":21}},"11":{"start":{"line":16,"column":20},"end":{"line":16,"column":44}},"12":{"start":{"line":17,"column":0},"end":{"line":17,"column":30}},"13":{"start":{"line":19,"column":17},"end":{"line":19,"column":36}},"14":{"start":{"line":21,"column":0},"end":{"line":23,"column":3}},"15":{"start":{"line":22,"column":4},"end":{"line":22,"column":22}},"16":{"start":{"line":25,"column":0},"end":{"line":27,"column":3}},"17":{"start":{"line":26,"column":4},"end":{"line":26,"column":38}},"18":{"start":{"line":29,"column":0},"end":{"line":29,"column":26}},"19":{"start":{"line":30,"column":0},"end":{"line":30,"column":24}},"20":{"start":{"line":31,"column":0},"end":{"line":31,"column":56}},"21":{"start":{"line":32,"column":0},"end":{"line":34,"column":4}},"22":{"start":{"line":36,"column":0},"end":{"line":36,"column":31}},"23":{"start":{"line":37,"column":0},"end":{"line":37,"column":25}},"24":{"start":{"line":38,"column":0},"end":{"line":38,"column":43}},"25":{"start":{"line":39,"column":0},"end":{"line":39,"column":37}},"26":{"start":{"line":40,"column":0},"end":{"line":40,"column":25}},"27":{"start":{"line":42,"column":0},"end":{"line":45,"column":3}},"28":{"start":{"line":43,"column":4},"end":{"line":43,"column":20}},"29":{"start":{"line":44,"column":4},"end":{"line":44,"column":37}},"30":{"start":{"line":47,"column":0},"end":{"line":50,"column":3}},"31":{"start":{"line":48,"column":4},"end":{"line":48,"column":29}},"32":{"start":{"line":49,"column":4},"end":{"line":49,"column":56}},"33":{"start":{"line":52,"column":17},"end":{"line":52,"column":93}},"34":{"start":{"line":53,"column":0},"end":{"line":53,"column":50}},"35":{"start":{"line":55,"column":0},"end":{"line":57,"column":3}},"36":{"start":{"line":56,"column":4},"end":{"line":56,"column":68}},"37":{"start":{"line":59,"column":0},"end":{"line":59,"column":21}}},"fnMap":{"0":{"name":"(anonymous_0)","decl":{"start":{"line":21,"column":21},"end":{"line":21,"column":22}},"loc":{"start":{"line":21,"column":32},"end":{"line":23,"column":1}},"line":21},"1":{"name":"(anonymous_1)","decl":{"start":{"line":25,"column":27},"end":{"line":25,"column":28}},"loc":{"start":{"line":25,"column":33},"end":{"line":27,"column":1}},"line":25},"2":{"name":"(anonymous_2)","decl":{"start":{"line":42,"column":8},"end":{"line":42,"column":9}},"loc":{"start":{"line":42,"column":22},"end":{"line":45,"column":1}},"line":42},"3":{"name":"(anonymous_3)","decl":{"start":{"line":47,"column":8},"end":{"line":47,"column":9}},"loc":{"start":{"line":47,"column":33},"end":{"line":50,"column":1}},"line":47},"4":{"name":"(anonymous_4)","decl":{"start":{"line":55,"column":13},"end":{"line":55,"column":14}},"loc":{"start":{"line":55,"column":27},"end":{"line":57,"column":1}},"line":55}},"branchMap":{"0":{"loc":{"start":{"line":52,"column":17},"end":{"line":52,"column":93}},"type":"binary-expr","locations":[{"start":{"line":52,"column":17},"end":{"line":52,"column":37}},{"start":{"line":52,"column":41},"end":{"line":52,"column":93}}],"line":52}},"s":{"0":1,"1":1,"2":1,"3":1,"4":1,"5":1,"6":1,"7":1,"8":1,"9":1,"10":1,"11":1,"12":1,"13":1,"14":1,"15":0,"16":1,"17":0,"18":1,"19":1,"20":1,"21":1,"22":1,"23":1,"24":1,"25":1,"26":1,"27":1,"28":1,"29":1,"30":1,"31":0,"32":0,"33":1,"34":1,"35":1,"36":0,"37":1},"f":{"0":0,"1":0,"2":1,"3":0,"4":0},"b":{"0":[1,0]},"_coverageSchema":"1a1c01bbd47fc00a2c39e90264f33305004495a9","hash":"4132c32aefd510a759c53ab632dfe96880410f15"}
,"/home/stecmp/testing_rumate/rumate/routes/authenticate.js": {"path":"/home/stecmp/testing_rumate/rumate/routes/authenticate.js","statementMap":{"0":{"start":{"line":9,"column":15},"end":{"line":9,"column":32}},"1":{"start":{"line":10,"column":10},"end":{"line":10,"column":27}},"2":{"start":{"line":11,"column":27},"end":{"line":11,"column":52}},"3":{"start":{"line":12,"column":16},"end":{"line":12,"column":34}},"4":{"start":{"line":13,"column":15},"end":{"line":13,"column":31}},"5":{"start":{"line":16,"column":0},"end":{"line":40,"column":3}},"6":{"start":{"line":18,"column":22},"end":{"line":18,"column":40}},"7":{"start":{"line":19,"column":4},"end":{"line":19,"column":69}},"8":{"start":{"line":19,"column":15},"end":{"line":19,"column":69}},"9":{"start":{"line":22,"column":15},"end":{"line":22,"column":64}},"10":{"start":{"line":23,"column":4},"end":{"line":23,"column":80}},"11":{"start":{"line":23,"column":14},"end":{"line":23,"column":80}},"12":{"start":{"line":26,"column":4},"end":{"line":26,"column":64}},"13":{"start":{"line":29,"column":4},"end":{"line":39,"column":7}},"14":{"start":{"line":30,"column":8},"end":{"line":30,"column":76}},"15":{"start":{"line":30,"column":17},"end":{"line":30,"column":76}},"16":{"start":{"line":33,"column":8},"end":{"line":33,"column":29}},"17":{"start":{"line":34,"column":8},"end":{"line":34,"column":26}},"18":{"start":{"line":37,"column":22},"end":{"line":37,"column":46}},"19":{"start":{"line":38,"column":8},"end":{"line":38,"column":82}},"20":{"start":{"line":42,"column":0},"end":{"line":42,"column":24}}},"fnMap":{"0":{"name":"(anonymous_0)","decl":{"start":{"line":16,"column":17},"end":{"line":16,"column":18}},"loc":{"start":{"line":16,"column":37},"end":{"line":40,"column":1}},"line":16},"1":{"name":"(anonymous_1)","decl":{"start":{"line":29,"column":35},"end":{"line":29,"column":36}},"loc":{"start":{"line":29,"column":61},"end":{"line":39,"column":5}},"line":29}},"branchMap":{"0":{"loc":{"start":{"line":19,"column":4},"end":{"line":19,"column":69}},"type":"if","locations":[{"start":{"line":19,"column":4},"end":{"line":19,"column":69}},{"start":{},"end":{}}],"line":19},"1":{"loc":{"start":{"line":23,"column":4},"end":{"line":23,"column":80}},"type":"if","locations":[{"start":{"line":23,"column":4},"end":{"line":23,"column":80}},{"start":{},"end":{}}],"line":23},"2":{"loc":{"start":{"line":30,"column":8},"end":{"line":30,"column":76}},"type":"if","locations":[{"start":{"line":30,"column":8},"end":{"line":30,"column":76}},{"start":{},"end":{}}],"line":30}},"s":{"0":1,"1":1,"2":1,"3":1,"4":1,"5":1,"6":0,"7":0,"8":0,"9":0,"10":0,"11":0,"12":0,"13":0,"14":0,"15":0,"16":0,"17":0,"18":0,"19":0,"20":1},"f":{"0":0,"1":0},"b":{"0":[0,0],"1":[0,0],"2":[0,0]},"_coverageSchema":"1a1c01bbd47fc00a2c39e90264f33305004495a9","hash":"ab0267210219f43a5f195533366d993ab980e4b7"}
,"/home/stecmp/testing_rumate/rumate/routes/chats.js": {"path":"/home/stecmp/testing_rumate/rumate/routes/chats.js","statementMap":{"0":{"start":{"line":12,"column":10},"end":{"line":12,"column":27}},"1":{"start":{"line":13,"column":13},"end":{"line":13,"column":42}},"2":{"start":{"line":14,"column":31},"end":{"line":14,"column":56}},"3":{"start":{"line":15,"column":17},"end":{"line":15,"column":42}},"4":{"start":{"line":16,"column":37},"end":{"line":16,"column":65}},"5":{"start":{"line":17,"column":16},"end":{"line":17,"column":34}},"6":{"start":{"line":18,"column":15},"end":{"line":18,"column":31}},"7":{"start":{"line":21,"column":0},"end":{"line":31,"column":3}},"8":{"start":{"line":23,"column":18},"end":{"line":28,"column":6}},"9":{"start":{"line":30,"column":4},"end":{"line":30,"column":27}},"10":{"start":{"line":34,"column":0},"end":{"line":58,"column":3}},"11":{"start":{"line":36,"column":19},"end":{"line":36,"column":72}},"12":{"start":{"line":37,"column":4},"end":{"line":37,"column":75}},"13":{"start":{"line":37,"column":17},"end":{"line":37,"column":75}},"14":{"start":{"line":39,"column":21},"end":{"line":39,"column":76}},"15":{"start":{"line":40,"column":4},"end":{"line":40,"column":79}},"16":{"start":{"line":40,"column":19},"end":{"line":40,"column":79}},"17":{"start":{"line":43,"column":4},"end":{"line":43,"column":138}},"18":{"start":{"line":43,"column":55},"end":{"line":43,"column":138}},"19":{"start":{"line":46,"column":15},"end":{"line":51,"column":6}},"20":{"start":{"line":53,"column":4},"end":{"line":55,"column":5}},"21":{"start":{"line":54,"column":8},"end":{"line":54,"column":99}},"22":{"start":{"line":57,"column":4},"end":{"line":57,"column":38}},"23":{"start":{"line":61,"column":0},"end":{"line":90,"column":3}},"24":{"start":{"line":63,"column":23},"end":{"line":63,"column":45}},"25":{"start":{"line":64,"column":5},"end":{"line":64,"column":70}},"26":{"start":{"line":64,"column":16},"end":{"line":64,"column":70}},"27":{"start":{"line":67,"column":19},"end":{"line":67,"column":70}},"28":{"start":{"line":68,"column":4},"end":{"line":68,"column":75}},"29":{"start":{"line":68,"column":17},"end":{"line":68,"column":75}},"30":{"start":{"line":70,"column":21},"end":{"line":70,"column":74}},"31":{"start":{"line":71,"column":4},"end":{"line":71,"column":79}},"32":{"start":{"line":71,"column":19},"end":{"line":71,"column":79}},"33":{"start":{"line":74,"column":4},"end":{"line":74,"column":134}},"34":{"start":{"line":74,"column":51},"end":{"line":74,"column":134}},"35":{"start":{"line":77,"column":15},"end":{"line":82,"column":6}},"36":{"start":{"line":84,"column":4},"end":{"line":87,"column":87}},"37":{"start":{"line":85,"column":8},"end":{"line":85,"column":107}},"38":{"start":{"line":86,"column":8},"end":{"line":86,"column":26}},"39":{"start":{"line":87,"column":10},"end":{"line":87,"column":87}},"40":{"start":{"line":89,"column":4},"end":{"line":89,"column":26}},"41":{"start":{"line":93,"column":0},"end":{"line":127,"column":3}},"42":{"start":{"line":95,"column":22},"end":{"line":95,"column":47}},"43":{"start":{"line":96,"column":4},"end":{"line":96,"column":69}},"44":{"start":{"line":96,"column":15},"end":{"line":96,"column":69}},"45":{"start":{"line":99,"column":19},"end":{"line":99,"column":70}},"46":{"start":{"line":100,"column":4},"end":{"line":100,"column":75}},"47":{"start":{"line":100,"column":17},"end":{"line":100,"column":75}},"48":{"start":{"line":102,"column":21},"end":{"line":102,"column":74}},"49":{"start":{"line":103,"column":4},"end":{"line":103,"column":79}},"50":{"start":{"line":103,"column":19},"end":{"line":103,"column":79}},"51":{"start":{"line":106,"column":4},"end":{"line":106,"column":134}},"52":{"start":{"line":106,"column":51},"end":{"line":106,"column":134}},"53":{"start":{"line":109,"column":15},"end":{"line":114,"column":6}},"54":{"start":{"line":116,"column":4},"end":{"line":119,"column":5}},"55":{"start":{"line":117,"column":8},"end":{"line":117,"column":107}},"56":{"start":{"line":118,"column":8},"end":{"line":118,"column":26}},"57":{"start":{"line":122,"column":20},"end":{"line":122,"column":101}},"58":{"start":{"line":123,"column":4},"end":{"line":123,"column":35}},"59":{"start":{"line":124,"column":4},"end":{"line":124,"column":22}},"60":{"start":{"line":126,"column":4},"end":{"line":126,"column":26}},"61":{"start":{"line":130,"column":0},"end":{"line":137,"column":3}},"62":{"start":{"line":132,"column":17},"end":{"line":132,"column":112}},"63":{"start":{"line":133,"column":4},"end":{"line":135,"column":5}},"64":{"start":{"line":134,"column":8},"end":{"line":134,"column":54}},"65":{"start":{"line":136,"column":4},"end":{"line":136,"column":49}},"66":{"start":{"line":139,"column":0},"end":{"line":139,"column":24}}},"fnMap":{"0":{"name":"(anonymous_0)","decl":{"start":{"line":21,"column":23},"end":{"line":21,"column":24}},"loc":{"start":{"line":21,"column":43},"end":{"line":31,"column":1}},"line":21},"1":{"name":"(anonymous_1)","decl":{"start":{"line":34,"column":37},"end":{"line":34,"column":38}},"loc":{"start":{"line":34,"column":57},"end":{"line":58,"column":1}},"line":34},"2":{"name":"(anonymous_2)","decl":{"start":{"line":61,"column":52},"end":{"line":61,"column":53}},"loc":{"start":{"line":61,"column":72},"end":{"line":90,"column":1}},"line":61},"3":{"name":"(anonymous_3)","decl":{"start":{"line":93,"column":55},"end":{"line":93,"column":56}},"loc":{"start":{"line":93,"column":75},"end":{"line":127,"column":1}},"line":93},"4":{"name":"(anonymous_4)","decl":{"start":{"line":130,"column":47},"end":{"line":130,"column":48}},"loc":{"start":{"line":130,"column":67},"end":{"line":137,"column":1}},"line":130}},"branchMap":{"0":{"loc":{"start":{"line":37,"column":4},"end":{"line":37,"column":75}},"type":"if","locations":[{"start":{"line":37,"column":4},"end":{"line":37,"column":75}},{"start":{},"end":{}}],"line":37},"1":{"loc":{"start":{"line":40,"column":4},"end":{"line":40,"column":79}},"type":"if","locations":[{"start":{"line":40,"column":4},"end":{"line":40,"column":79}},{"start":{},"end":{}}],"line":40},"2":{"loc":{"start":{"line":43,"column":4},"end":{"line":43,"column":138}},"type":"if","locations":[{"start":{"line":43,"column":4},"end":{"line":43,"column":138}},{"start":{},"end":{}}],"line":43},"3":{"loc":{"start":{"line":53,"column":4},"end":{"line":55,"column":5}},"type":"if","locations":[{"start":{"line":53,"column":4},"end":{"line":55,"column":5}},{"start":{},"end":{}}],"line":53},"4":{"loc":{"start":{"line":64,"column":5},"end":{"line":64,"column":70}},"type":"if","locations":[{"start":{"line":64,"column":5},"end":{"line":64,"column":70}},{"start":{},"end":{}}],"line":64},"5":{"loc":{"start":{"line":68,"column":4},"end":{"line":68,"column":75}},"type":"if","locations":[{"start":{"line":68,"column":4},"end":{"line":68,"column":75}},{"start":{},"end":{}}],"line":68},"6":{"loc":{"start":{"line":71,"column":4},"end":{"line":71,"column":79}},"type":"if","locations":[{"start":{"line":71,"column":4},"end":{"line":71,"column":79}},{"start":{},"end":{}}],"line":71},"7":{"loc":{"start":{"line":74,"column":4},"end":{"line":74,"column":134}},"type":"if","locations":[{"start":{"line":74,"column":4},"end":{"line":74,"column":134}},{"start":{},"end":{}}],"line":74},"8":{"loc":{"start":{"line":84,"column":4},"end":{"line":87,"column":87}},"type":"if","locations":[{"start":{"line":84,"column":4},"end":{"line":87,"column":87}},{"start":{"line":87,"column":10},"end":{"line":87,"column":87}}],"line":84},"9":{"loc":{"start":{"line":96,"column":4},"end":{"line":96,"column":69}},"type":"if","locations":[{"start":{"line":96,"column":4},"end":{"line":96,"column":69}},{"start":{},"end":{}}],"line":96},"10":{"loc":{"start":{"line":100,"column":4},"end":{"line":100,"column":75}},"type":"if","locations":[{"start":{"line":100,"column":4},"end":{"line":100,"column":75}},{"start":{},"end":{}}],"line":100},"11":{"loc":{"start":{"line":103,"column":4},"end":{"line":103,"column":79}},"type":"if","locations":[{"start":{"line":103,"column":4},"end":{"line":103,"column":79}},{"start":{},"end":{}}],"line":103},"12":{"loc":{"start":{"line":106,"column":4},"end":{"line":106,"column":134}},"type":"if","locations":[{"start":{"line":106,"column":4},"end":{"line":106,"column":134}},{"start":{},"end":{}}],"line":106},"13":{"loc":{"start":{"line":116,"column":4},"end":{"line":119,"column":5}},"type":"if","locations":[{"start":{"line":116,"column":4},"end":{"line":119,"column":5}},{"start":{},"end":{}}],"line":116},"14":{"loc":{"start":{"line":133,"column":4},"end":{"line":135,"column":5}},"type":"if","locations":[{"start":{"line":133,"column":4},"end":{"line":135,"column":5}},{"start":{},"end":{}}],"line":133}},"s":{"0":1,"1":1,"2":1,"3":1,"4":1,"5":1,"6":1,"7":1,"8":0,"9":0,"10":1,"11":0,"12":0,"13":0,"14":0,"15":0,"16":0,"17":0,"18":0,"19":0,"20":0,"21":0,"22":0,"23":1,"24":0,"25":0,"26":0,"27":0,"28":0,"29":0,"30":0,"31":0,"32":0,"33":0,"34":0,"35":0,"36":0,"37":0,"38":0,"39":0,"40":0,"41":1,"42":0,"43":0,"44":0,"45":0,"46":0,"47":0,"48":0,"49":0,"50":0,"51":0,"52":0,"53":0,"54":0,"55":0,"56":0,"57":0,"58":0,"59":0,"60":0,"61":1,"62":0,"63":0,"64":0,"65":0,"66":1},"f":{"0":0,"1":0,"2":0,"3":0,"4":0},"b":{"0":[0,0],"1":[0,0],"2":[0,0],"3":[0,0],"4":[0,0],"5":[0,0],"6":[0,0],"7":[0,0],"8":[0,0],"9":[0,0],"10":[0,0],"11":[0,0],"12":[0,0],"13":[0,0],"14":[0,0]},"_coverageSchema":"1a1c01bbd47fc00a2c39e90264f33305004495a9","hash":"6816a2a445ea148c16f58d999191100d6158178b"}
,"/home/stecmp/testing_rumate/rumate/routes/preferences.js": {"path":"/home/stecmp/testing_rumate/rumate/routes/preferences.js","statementMap":{"0":{"start":{"line":2,"column":13},"end":{"line":2,"column":42}},"1":{"start":{"line":5,"column":33},"end":{"line":5,"column":64}},"2":{"start":{"line":6,"column":17},"end":{"line":6,"column":42}},"3":{"start":{"line":7,"column":26},"end":{"line":7,"column":60}},"4":{"start":{"line":10,"column":16},"end":{"line":10,"column":34}},"5":{"start":{"line":11,"column":15},"end":{"line":11,"column":31}},"6":{"start":{"line":14,"column":0},"end":{"line":25,"column":3}},"7":{"start":{"line":17,"column":15},"end":{"line":17,"column":67}},"8":{"start":{"line":18,"column":4},"end":{"line":18,"column":121}},"9":{"start":{"line":18,"column":13},"end":{"line":18,"column":121}},"10":{"start":{"line":21,"column":18},"end":{"line":21,"column":67}},"11":{"start":{"line":24,"column":4},"end":{"line":24,"column":26}},"12":{"start":{"line":28,"column":0},"end":{"line":36,"column":3}},"13":{"start":{"line":31,"column":18},"end":{"line":31,"column":75}},"14":{"start":{"line":32,"column":4},"end":{"line":32,"column":120}},"15":{"start":{"line":32,"column":16},"end":{"line":32,"column":120}},"16":{"start":{"line":35,"column":4},"end":{"line":35,"column":26}},"17":{"start":{"line":40,"column":0},"end":{"line":74,"column":3}},"18":{"start":{"line":43,"column":4},"end":{"line":43,"column":46}},"19":{"start":{"line":46,"column":22},"end":{"line":46,"column":40}},"20":{"start":{"line":47,"column":4},"end":{"line":47,"column":69}},"21":{"start":{"line":47,"column":15},"end":{"line":47,"column":69}},"22":{"start":{"line":50,"column":17},"end":{"line":50,"column":71}},"23":{"start":{"line":51,"column":4},"end":{"line":51,"column":89}},"24":{"start":{"line":51,"column":15},"end":{"line":51,"column":89}},"25":{"start":{"line":54,"column":15},"end":{"line":54,"column":76}},"26":{"start":{"line":55,"column":4},"end":{"line":55,"column":84}},"27":{"start":{"line":55,"column":13},"end":{"line":55,"column":84}},"28":{"start":{"line":58,"column":4},"end":{"line":58,"column":118}},"29":{"start":{"line":58,"column":33},"end":{"line":58,"column":118}},"30":{"start":{"line":61,"column":18},"end":{"line":61,"column":90}},"31":{"start":{"line":62,"column":4},"end":{"line":62,"column":103}},"32":{"start":{"line":62,"column":27},"end":{"line":62,"column":103}},"33":{"start":{"line":65,"column":15},"end":{"line":65,"column":83}},"34":{"start":{"line":65,"column":35},"end":{"line":65,"column":82}},"35":{"start":{"line":66,"column":4},"end":{"line":66,"column":133}},"36":{"start":{"line":66,"column":26},"end":{"line":66,"column":133}},"37":{"start":{"line":69,"column":4},"end":{"line":69,"column":36}},"38":{"start":{"line":70,"column":4},"end":{"line":70,"column":22}},"39":{"start":{"line":73,"column":4},"end":{"line":73,"column":26}},"40":{"start":{"line":77,"column":0},"end":{"line":84,"column":3}},"41":{"start":{"line":79,"column":17},"end":{"line":79,"column":132}},"42":{"start":{"line":80,"column":4},"end":{"line":82,"column":5}},"43":{"start":{"line":81,"column":8},"end":{"line":81,"column":60}},"44":{"start":{"line":83,"column":4},"end":{"line":83,"column":55}},"45":{"start":{"line":87,"column":0},"end":{"line":87,"column":24}}},"fnMap":{"0":{"name":"(anonymous_0)","decl":{"start":{"line":14,"column":28},"end":{"line":14,"column":29}},"loc":{"start":{"line":14,"column":48},"end":{"line":25,"column":1}},"line":14},"1":{"name":"(anonymous_1)","decl":{"start":{"line":28,"column":30},"end":{"line":28,"column":31}},"loc":{"start":{"line":28,"column":50},"end":{"line":36,"column":1}},"line":28},"2":{"name":"(anonymous_2)","decl":{"start":{"line":40,"column":23},"end":{"line":40,"column":24}},"loc":{"start":{"line":40,"column":43},"end":{"line":74,"column":1}},"line":40},"3":{"name":"(anonymous_3)","decl":{"start":{"line":65,"column":28},"end":{"line":65,"column":29}},"loc":{"start":{"line":65,"column":35},"end":{"line":65,"column":82}},"line":65},"4":{"name":"(anonymous_4)","decl":{"start":{"line":77,"column":42},"end":{"line":77,"column":43}},"loc":{"start":{"line":77,"column":62},"end":{"line":84,"column":1}},"line":77}},"branchMap":{"0":{"loc":{"start":{"line":18,"column":4},"end":{"line":18,"column":121}},"type":"if","locations":[{"start":{"line":18,"column":4},"end":{"line":18,"column":121}},{"start":{},"end":{}}],"line":18},"1":{"loc":{"start":{"line":32,"column":4},"end":{"line":32,"column":120}},"type":"if","locations":[{"start":{"line":32,"column":4},"end":{"line":32,"column":120}},{"start":{},"end":{}}],"line":32},"2":{"loc":{"start":{"line":47,"column":4},"end":{"line":47,"column":69}},"type":"if","locations":[{"start":{"line":47,"column":4},"end":{"line":47,"column":69}},{"start":{},"end":{}}],"line":47},"3":{"loc":{"start":{"line":51,"column":4},"end":{"line":51,"column":89}},"type":"if","locations":[{"start":{"line":51,"column":4},"end":{"line":51,"column":89}},{"start":{},"end":{}}],"line":51},"4":{"loc":{"start":{"line":55,"column":4},"end":{"line":55,"column":84}},"type":"if","locations":[{"start":{"line":55,"column":4},"end":{"line":55,"column":84}},{"start":{},"end":{}}],"line":55},"5":{"loc":{"start":{"line":58,"column":4},"end":{"line":58,"column":118}},"type":"if","locations":[{"start":{"line":58,"column":4},"end":{"line":58,"column":118}},{"start":{},"end":{}}],"line":58},"6":{"loc":{"start":{"line":62,"column":4},"end":{"line":62,"column":103}},"type":"if","locations":[{"start":{"line":62,"column":4},"end":{"line":62,"column":103}},{"start":{},"end":{}}],"line":62},"7":{"loc":{"start":{"line":66,"column":4},"end":{"line":66,"column":133}},"type":"if","locations":[{"start":{"line":66,"column":4},"end":{"line":66,"column":133}},{"start":{},"end":{}}],"line":66},"8":{"loc":{"start":{"line":80,"column":4},"end":{"line":82,"column":5}},"type":"if","locations":[{"start":{"line":80,"column":4},"end":{"line":82,"column":5}},{"start":{},"end":{}}],"line":80}},"s":{"0":1,"1":1,"2":1,"3":1,"4":1,"5":1,"6":1,"7":0,"8":0,"9":0,"10":0,"11":0,"12":1,"13":0,"14":0,"15":0,"16":0,"17":1,"18":0,"19":0,"20":0,"21":0,"22":0,"23":0,"24":0,"25":0,"26":0,"27":0,"28":0,"29":0,"30":0,"31":0,"32":0,"33":0,"34":0,"35":0,"36":0,"37":0,"38":0,"39":0,"40":1,"41":0,"42":0,"43":0,"44":0,"45":1},"f":{"0":0,"1":0,"2":0,"3":0,"4":0},"b":{"0":[0,0],"1":[0,0],"2":[0,0],"3":[0,0],"4":[0,0],"5":[0,0],"6":[0,0],"7":[0,0],"8":[0,0]},"_coverageSchema":"1a1c01bbd47fc00a2c39e90264f33305004495a9","hash":"bbf67f2060a69e4397c8a1f34bba4a295cb81984"}
,"/home/stecmp/testing_rumate/rumate/routes/users.js": {"path":"/home/stecmp/testing_rumate/rumate/routes/users.js","statementMap":{"0":{"start":{"line":10,"column":15},"end":{"line":10,"column":32}},"1":{"start":{"line":11,"column":10},"end":{"line":11,"column":27}},"2":{"start":{"line":12,"column":27},"end":{"line":12,"column":52}},"3":{"start":{"line":13,"column":13},"end":{"line":13,"column":42}},"4":{"start":{"line":14,"column":16},"end":{"line":14,"column":34}},"5":{"start":{"line":15,"column":15},"end":{"line":15,"column":31}},"6":{"start":{"line":18,"column":0},"end":{"line":22,"column":3}},"7":{"start":{"line":20,"column":17},"end":{"line":20,"column":50}},"8":{"start":{"line":21,"column":4},"end":{"line":21,"column":41}},"9":{"start":{"line":25,"column":0},"end":{"line":28,"column":3}},"10":{"start":{"line":26,"column":17},"end":{"line":26,"column":51}},"11":{"start":{"line":27,"column":4},"end":{"line":27,"column":41}},"12":{"start":{"line":31,"column":0},"end":{"line":34,"column":3}},"13":{"start":{"line":32,"column":17},"end":{"line":32,"column":70}},"14":{"start":{"line":33,"column":4},"end":{"line":33,"column":23}},"15":{"start":{"line":37,"column":0},"end":{"line":54,"column":3}},"16":{"start":{"line":39,"column":22},"end":{"line":39,"column":40}},"17":{"start":{"line":40,"column":4},"end":{"line":40,"column":69}},"18":{"start":{"line":40,"column":15},"end":{"line":40,"column":69}},"19":{"start":{"line":43,"column":15},"end":{"line":43,"column":64}},"20":{"start":{"line":44,"column":4},"end":{"line":44,"column":86}},"21":{"start":{"line":44,"column":15},"end":{"line":44,"column":86}},"22":{"start":{"line":47,"column":4},"end":{"line":53,"column":7}},"23":{"start":{"line":48,"column":8},"end":{"line":48,"column":92}},"24":{"start":{"line":48,"column":21},"end":{"line":48,"column":92}},"25":{"start":{"line":51,"column":22},"end":{"line":51,"column":46}},"26":{"start":{"line":52,"column":8},"end":{"line":52,"column":37}},"27":{"start":{"line":57,"column":0},"end":{"line":59,"column":3}},"28":{"start":{"line":58,"column":4},"end":{"line":58,"column":22}},"29":{"start":{"line":62,"column":0},"end":{"line":69,"column":3}},"30":{"start":{"line":64,"column":17},"end":{"line":64,"column":65}},"31":{"start":{"line":65,"column":4},"end":{"line":67,"column":5}},"32":{"start":{"line":66,"column":8},"end":{"line":66,"column":54}},"33":{"start":{"line":68,"column":4},"end":{"line":68,"column":49}},"34":{"start":{"line":71,"column":0},"end":{"line":71,"column":24}}},"fnMap":{"0":{"name":"(anonymous_0)","decl":{"start":{"line":18,"column":24},"end":{"line":18,"column":25}},"loc":{"start":{"line":18,"column":44},"end":{"line":22,"column":1}},"line":18},"1":{"name":"(anonymous_1)","decl":{"start":{"line":25,"column":19},"end":{"line":25,"column":20}},"loc":{"start":{"line":25,"column":39},"end":{"line":28,"column":1}},"line":25},"2":{"name":"(anonymous_2)","decl":{"start":{"line":31,"column":31},"end":{"line":31,"column":32}},"loc":{"start":{"line":31,"column":51},"end":{"line":34,"column":1}},"line":31},"3":{"name":"(anonymous_3)","decl":{"start":{"line":37,"column":17},"end":{"line":37,"column":18}},"loc":{"start":{"line":37,"column":37},"end":{"line":54,"column":1}},"line":37},"4":{"name":"(anonymous_4)","decl":{"start":{"line":47,"column":53},"end":{"line":47,"column":54}},"loc":{"start":{"line":47,"column":75},"end":{"line":53,"column":5}},"line":47},"5":{"name":"(anonymous_5)","decl":{"start":{"line":57,"column":23},"end":{"line":57,"column":24}},"loc":{"start":{"line":57,"column":37},"end":{"line":59,"column":1}},"line":57},"6":{"name":"(anonymous_6)","decl":{"start":{"line":62,"column":25},"end":{"line":62,"column":26}},"loc":{"start":{"line":62,"column":45},"end":{"line":69,"column":1}},"line":62}},"branchMap":{"0":{"loc":{"start":{"line":40,"column":4},"end":{"line":40,"column":69}},"type":"if","locations":[{"start":{"line":40,"column":4},"end":{"line":40,"column":69}},{"start":{},"end":{}}],"line":40},"1":{"loc":{"start":{"line":44,"column":4},"end":{"line":44,"column":86}},"type":"if","locations":[{"start":{"line":44,"column":4},"end":{"line":44,"column":86}},{"start":{},"end":{}}],"line":44},"2":{"loc":{"start":{"line":48,"column":8},"end":{"line":48,"column":92}},"type":"if","locations":[{"start":{"line":48,"column":8},"end":{"line":48,"column":92}},{"start":{},"end":{}}],"line":48},"3":{"loc":{"start":{"line":65,"column":4},"end":{"line":67,"column":5}},"type":"if","locations":[{"start":{"line":65,"column":4},"end":{"line":67,"column":5}},{"start":{},"end":{}}],"line":65}},"s":{"0":1,"1":1,"2":1,"3":1,"4":1,"5":1,"6":1,"7":0,"8":0,"9":1,"10":0,"11":0,"12":1,"13":0,"14":0,"15":1,"16":0,"17":0,"18":0,"19":0,"20":0,"21":0,"22":0,"23":0,"24":0,"25":0,"26":0,"27":1,"28":0,"29":1,"30":0,"31":0,"32":0,"33":0,"34":1},"f":{"0":0,"1":0,"2":0,"3":0,"4":0,"5":0,"6":0},"b":{"0":[0,0],"1":[0,0],"2":[0,0],"3":[0,0]},"_coverageSchema":"1a1c01bbd47fc00a2c39e90264f33305004495a9","hash":"82a3ea46d70a4d430a14280a26a53fb638c81ef7"}
}
