TN:
SF:middleware/auth.js
FN:3,auth
FNF:1
FNH:1
FNDA:8,auth
DA:1,6
DA:4,8
DA:5,8
DA:7,8
DA:8,8
DA:9,8
DA:10,8
DA:13,0
DA:17,6
LF:9
LH:8
BRDA:5,0,0,0
BRDA:5,0,1,8
BRF:2
BRH:1
end_of_record
TN:
SF:models/advertisement.js
FN:67,validateAdvertisement
FNF:1
FNH:0
FNDA:0,validateAdvertisement
DA:7,6
DA:8,6
DA:9,6
DA:11,6
DA:14,6
DA:64,6
DA:68,0
DA:69,0
DA:71,0
DA:83,0
DA:87,6
DA:88,6
LF:12
LH:8
BRF:0
BRH:0
end_of_record
TN:
SF:models/chat.js
FN:29,validateChat
FNF:1
FNH:1
FNDA:2,validateChat
DA:6,6
DA:7,6
DA:8,6
DA:11,6
DA:27,6
DA:30,2
DA:35,2
DA:39,6
DA:40,6
LF:9
LH:9
BRF:0
BRH:0
end_of_record
TN:
SF:models/message.js
FN:34,validateMessage
FNF:1
FNH:1
FNDA:3,validateMessage
DA:6,6
DA:7,6
DA:10,6
DA:32,6
DA:35,3
DA:42,3
DA:46,6
DA:47,6
LF:8
LH:8
BRF:0
BRH:0
end_of_record
TN:
SF:models/preference.js
FN:18,validatePreference
FNF:1
FNH:1
FNDA:3,validatePreference
DA:1,6
DA:2,6
DA:3,6
DA:5,6
DA:16,6
DA:19,3
DA:24,3
DA:27,6
DA:28,6
LF:9
LH:9
BRF:0
BRH:0
end_of_record
TN:
SF:models/user.js
FN:26,(anonymous_0)
FN:33,validateUser
FNF:2
FNH:2
FNDA:2,(anonymous_0)
FNDA:7,validateUser
DA:7,6
DA:8,6
DA:9,6
DA:11,6
DA:26,6
DA:27,2
DA:28,2
DA:31,6
DA:34,7
DA:39,7
DA:42,6
DA:43,6
LF:12
LH:12
BRF:0
BRH:0
end_of_record
TN:
SF:routes/advertisements.js
FN:16,(anonymous_0)
FN:37,(anonymous_1)
FN:44,(anonymous_2)
FN:51,(anonymous_3)
FN:70,(anonymous_4)
FNF:5
FNH:3
FNDA:4,(anonymous_0)
FNDA:1,(anonymous_1)
FNDA:1,(anonymous_2)
FNDA:0,(anonymous_3)
FNDA:0,(anonymous_4)
DA:9,6
DA:10,6
DA:11,6
DA:12,6
DA:13,6
DA:16,6
DA:19,4
DA:22,4
DA:23,4
DA:24,4
DA:27,4
DA:28,4
DA:29,4
DA:32,4
DA:33,4
DA:37,6
DA:38,1
DA:39,1
DA:40,1
DA:44,6
DA:45,1
DA:46,1
DA:47,1
DA:51,6
DA:54,0
DA:55,0
DA:56,0
DA:59,0
DA:60,0
DA:63,0
DA:64,0
DA:66,0
DA:70,6
DA:72,0
DA:73,0
DA:74,0
DA:76,0
DA:80,6
LF:38
LH:26
BRDA:22,0,0,2
BRDA:22,0,1,2
BRDA:23,1,0,2
BRDA:23,1,1,2
BRDA:24,2,0,2
BRDA:24,2,1,2
BRDA:28,3,0,0
BRDA:28,3,1,4
BRDA:29,4,0,0
BRDA:29,4,1,4
BRDA:39,5,0,0
BRDA:39,5,1,1
BRDA:46,6,0,0
BRDA:46,6,1,1
BRDA:56,7,0,0
BRDA:56,7,1,0
BRDA:60,8,0,0
BRDA:60,8,1,0
BRDA:73,9,0,0
BRDA:73,9,1,0
BRF:20
BRH:10
end_of_record
TN:
SF:routes/app.js
FN:21,(anonymous_0)
FN:25,(anonymous_1)
FN:42,(anonymous_2)
FN:46,(anonymous_3)
FN:50,(anonymous_4)
FNF:5
FNH:2
FNDA:0,(anonymous_0)
FNDA:5,(anonymous_1)
FNDA:1,(anonymous_2)
FNDA:0,(anonymous_3)
FNDA:0,(anonymous_4)
DA:1,6
DA:3,6
DA:4,6
DA:5,6
DA:6,6
DA:8,6
DA:9,6
DA:10,6
DA:11,6
DA:12,6
DA:14,6
DA:16,6
DA:17,6
DA:19,6
DA:21,6
DA:22,0
DA:25,6
DA:26,5
DA:29,6
DA:30,6
DA:31,6
DA:32,6
DA:36,6
DA:37,6
DA:38,6
DA:39,6
DA:40,6
DA:42,6
DA:43,1
DA:46,6
DA:47,0
DA:50,6
DA:51,0
DA:52,0
DA:55,6
LF:35
LH:31
BRF:0
BRH:0
end_of_record
TN:
SF:routes/authenticate.js
FN:16,(anonymous_0)
FN:29,(anonymous_1)
FNF:2
FNH:2
FNDA:4,(anonymous_0)
FNDA:1,(anonymous_1)
DA:9,6
DA:10,6
DA:11,6
DA:12,6
DA:13,6
DA:16,6
DA:18,4
DA:19,4
DA:22,2
DA:23,2
DA:26,1
DA:29,1
DA:30,1
DA:33,1
DA:34,1
DA:37,1
DA:38,1
DA:42,6
LF:18
LH:18
BRDA:19,0,0,2
BRDA:19,0,1,2
BRDA:23,1,0,1
BRDA:23,1,1,1
BRDA:30,2,0,0
BRDA:30,2,1,1
BRF:6
BRH:5
end_of_record
TN:
SF:routes/chats.js
FN:21,(anonymous_0)
FN:34,(anonymous_1)
FN:61,(anonymous_2)
FN:93,(anonymous_3)
FN:130,(anonymous_4)
FNF:5
FNH:2
FNDA:0,(anonymous_0)
FNDA:0,(anonymous_1)
FNDA:2,(anonymous_2)
FNDA:3,(anonymous_3)
FNDA:0,(anonymous_4)
DA:12,6
DA:13,6
DA:14,6
DA:15,6
DA:16,6
DA:17,6
DA:18,6
DA:21,6
DA:23,0
DA:30,0
DA:34,6
DA:36,0
DA:37,0
DA:39,0
DA:40,0
DA:43,0
DA:46,0
DA:53,0
DA:54,0
DA:57,0
DA:61,6
DA:63,2
DA:64,2
DA:67,2
DA:68,2
DA:70,2
DA:71,2
DA:74,2
DA:77,2
DA:84,2
DA:85,1
DA:86,1
DA:87,1
DA:89,1
DA:93,6
DA:95,3
DA:96,3
DA:99,2
DA:100,2
DA:102,2
DA:103,2
DA:106,2
DA:109,2
DA:116,2
DA:117,1
DA:118,1
DA:122,2
DA:123,2
DA:124,2
DA:126,2
DA:130,6
DA:132,0
DA:133,0
DA:134,0
DA:136,0
DA:139,6
LF:56
LH:41
BRDA:37,0,0,0
BRDA:37,0,1,0
BRDA:40,1,0,0
BRDA:40,1,1,0
BRDA:43,2,0,0
BRDA:43,2,1,0
BRDA:53,3,0,0
BRDA:53,3,1,0
BRDA:64,4,0,0
BRDA:64,4,1,2
BRDA:68,5,0,0
BRDA:68,5,1,2
BRDA:71,6,0,0
BRDA:71,6,1,2
BRDA:74,7,0,0
BRDA:74,7,1,2
BRDA:84,8,0,1
BRDA:84,8,1,1
BRDA:96,9,0,1
BRDA:96,9,1,2
BRDA:100,10,0,0
BRDA:100,10,1,2
BRDA:103,11,0,0
BRDA:103,11,1,2
BRDA:106,12,0,0
BRDA:106,12,1,2
BRDA:116,13,0,1
BRDA:116,13,1,1
BRDA:133,14,0,0
BRDA:133,14,1,0
BRF:30
BRH:13
end_of_record
TN:
SF:routes/preferences.js
FN:14,(anonymous_0)
FN:28,(anonymous_1)
FN:40,(anonymous_2)
FN:65,(anonymous_3)
FN:77,(anonymous_4)
FNF:5
FNH:2
FNDA:0,(anonymous_0)
FNDA:0,(anonymous_1)
FNDA:3,(anonymous_2)
FNDA:2,(anonymous_3)
FNDA:0,(anonymous_4)
DA:2,6
DA:5,6
DA:6,6
DA:7,6
DA:10,6
DA:11,6
DA:14,6
DA:17,0
DA:18,0
DA:21,0
DA:24,0
DA:28,6
DA:31,0
DA:32,0
DA:35,0
DA:40,6
DA:43,3
DA:46,3
DA:47,3
DA:50,3
DA:51,3
DA:54,3
DA:55,3
DA:58,3
DA:61,3
DA:62,3
DA:65,2
DA:66,1
DA:69,1
DA:70,1
DA:73,1
DA:77,6
DA:79,0
DA:80,0
DA:81,0
DA:83,0
DA:87,6
LF:37
LH:26
BRDA:18,0,0,0
BRDA:18,0,1,0
BRDA:32,1,0,0
BRDA:32,1,1,0
BRDA:47,2,0,0
BRDA:47,2,1,3
BRDA:51,3,0,0
BRDA:51,3,1,3
BRDA:55,4,0,0
BRDA:55,4,1,3
BRDA:58,5,0,0
BRDA:58,5,1,3
BRDA:62,6,0,2
BRDA:62,6,1,1
BRDA:66,7,0,0
BRDA:66,7,1,1
BRDA:80,8,0,0
BRDA:80,8,1,0
BRF:18
BRH:7
end_of_record
TN:
SF:routes/users.js
FN:18,(anonymous_0)
FN:25,(anonymous_1)
FN:31,(anonymous_2)
FN:37,(anonymous_3)
FN:47,(anonymous_4)
FN:57,(anonymous_5)
FN:62,(anonymous_6)
FNF:7
FNH:3
FNDA:0,(anonymous_0)
FNDA:0,(anonymous_1)
FNDA:0,(anonymous_2)
FNDA:3,(anonymous_3)
FNDA:2,(anonymous_4)
FNDA:1,(anonymous_5)
FNDA:0,(anonymous_6)
DA:10,6
DA:11,6
DA:12,6
DA:13,6
DA:14,6
DA:15,6
DA:18,6
DA:20,0
DA:21,0
DA:25,6
DA:26,0
DA:27,0
DA:31,6
DA:32,0
DA:33,0
DA:37,6
DA:39,3
DA:40,3
DA:43,3
DA:44,3
DA:47,2
DA:48,2
DA:51,1
DA:52,1
DA:57,6
DA:58,1
DA:62,6
DA:64,0
DA:65,0
DA:66,0
DA:68,0
DA:71,6
LF:32
LH:22
BRDA:40,0,0,0
BRDA:40,0,1,3
BRDA:44,1,0,1
BRDA:44,1,1,2
BRDA:48,2,0,1
BRDA:48,2,1,1
BRDA:65,3,0,0
BRDA:65,3,1,0
BRF:8
BRH:5
end_of_record
