TN:
SF:middleware/auth.js
FN:3,auth
FNF:1
FNH:1
FNDA:15,auth
DA:1,7
DA:4,15
DA:5,15
DA:7,15
DA:8,15
DA:9,15
DA:10,15
DA:13,0
DA:17,7
LF:9
LH:8
BRDA:5,0,0,0
BRDA:5,0,1,15
BRF:2
BRH:1
end_of_record
TN:
SF:models/advertisement.js
FN:67,validateAdvertisement
FNF:1
FNH:1
FNDA:3,validateAdvertisement
DA:7,7
DA:8,7
DA:9,7
DA:11,7
DA:14,7
DA:64,7
DA:68,3
DA:69,3
DA:71,3
DA:83,3
DA:87,7
DA:88,7
LF:12
LH:12
BRF:0
BRH:0
end_of_record
TN:
SF:models/chat.js
FN:29,validateChat
FNF:1
FNH:1
FNDA:1,validateChat
DA:6,7
DA:7,7
DA:8,7
DA:11,7
DA:27,7
DA:30,1
DA:35,1
DA:39,7
DA:40,7
LF:9
LH:9
BRF:0
BRH:0
end_of_record
TN:
SF:models/message.js
FN:34,validateMessage
FNF:1
FNH:1
FNDA:2,validateMessage
DA:6,7
DA:7,7
DA:10,7
DA:32,7
DA:35,2
DA:42,2
DA:46,7
DA:47,7
LF:8
LH:8
BRF:0
BRH:0
end_of_record
TN:
SF:models/notification.js
FN:33,validateNotification
FNF:1
FNH:1
FNDA:2,validateNotification
DA:1,7
DA:2,7
DA:4,7
DA:6,7
DA:31,7
DA:34,2
DA:42,2
DA:45,7
DA:46,7
LF:9
LH:9
BRF:0
BRH:0
end_of_record
TN:
SF:models/preference.js
FN:18,validatePreference
FNF:1
FNH:1
FNDA:3,validatePreference
DA:1,7
DA:2,7
DA:3,7
DA:5,7
DA:16,7
DA:19,3
DA:24,3
DA:27,7
DA:28,7
LF:9
LH:9
BRF:0
BRH:0
end_of_record
TN:
SF:models/user.js
FN:26,(anonymous_0)
FN:33,validateUser
FNF:2
FNH:2
FNDA:2,(anonymous_0)
FNDA:7,validateUser
DA:7,7
DA:8,7
DA:9,7
DA:11,7
DA:26,7
DA:27,2
DA:28,2
DA:31,7
DA:34,7
DA:39,7
DA:42,7
DA:43,7
LF:12
LH:12
BRF:0
BRH:0
end_of_record
TN:
SF:routes/advertisements.js
FN:9,(anonymous_0)
FN:22,(anonymous_1)
FN:45,(anonymous_2)
FN:58,(anonymous_3)
FN:77,(anonymous_4)
FNF:5
FNH:4
FNDA:1,(anonymous_0)
FNDA:3,(anonymous_1)
FNDA:1,(anonymous_2)
FNDA:3,(anonymous_3)
FNDA:0,(anonymous_4)
DA:1,7
DA:2,7
DA:3,7
DA:4,7
DA:5,7
DA:6,7
DA:9,7
DA:12,1
DA:15,1
DA:18,1
DA:22,7
DA:25,3
DA:28,3
DA:29,3
DA:30,3
DA:33,3
DA:34,3
DA:35,3
DA:38,3
DA:41,3
DA:45,7
DA:48,1
DA:51,1
DA:54,1
DA:58,7
DA:60,3
DA:61,3
DA:62,3
DA:65,2
DA:66,2
DA:69,1
DA:70,1
DA:73,1
DA:77,7
DA:80,0
DA:83,0
DA:86,0
DA:89,0
DA:93,7
LF:39
LH:35
BRDA:15,0,0,0
BRDA:15,0,1,1
BRDA:28,1,0,2
BRDA:28,1,1,1
BRDA:29,2,0,2
BRDA:29,2,1,1
BRDA:30,3,0,2
BRDA:30,3,1,1
BRDA:34,4,0,0
BRDA:34,4,1,3
BRDA:35,5,0,0
BRDA:35,5,1,3
BRDA:51,6,0,0
BRDA:51,6,1,1
BRDA:62,7,0,1
BRDA:62,7,1,2
BRDA:66,8,0,1
BRDA:66,8,1,1
BRDA:83,9,0,0
BRDA:83,9,1,0
BRF:20
BRH:14
end_of_record
TN:
SF:routes/app.js
FN:22,(anonymous_0)
FN:26,(anonymous_1)
FN:44,(anonymous_2)
FN:48,(anonymous_3)
FN:52,(anonymous_4)
FNF:5
FNH:2
FNDA:0,(anonymous_0)
FNDA:6,(anonymous_1)
FNDA:1,(anonymous_2)
FNDA:0,(anonymous_3)
FNDA:0,(anonymous_4)
DA:1,7
DA:3,7
DA:4,7
DA:5,7
DA:6,7
DA:8,7
DA:9,7
DA:10,7
DA:11,7
DA:12,7
DA:13,7
DA:15,7
DA:17,7
DA:18,7
DA:20,7
DA:22,7
DA:23,0
DA:26,7
DA:27,6
DA:30,7
DA:31,7
DA:32,7
DA:33,7
DA:37,7
DA:38,7
DA:39,7
DA:40,7
DA:41,7
DA:42,7
DA:44,7
DA:45,1
DA:48,7
DA:49,0
DA:52,7
DA:53,0
DA:54,0
DA:57,7
LF:37
LH:33
BRF:0
BRH:0
end_of_record
TN:
SF:routes/authenticate.js
FN:8,(anonymous_0)
FN:22,(anonymous_1)
FNF:2
FNH:2
FNDA:4,(anonymous_0)
FNDA:1,(anonymous_1)
DA:1,7
DA:2,7
DA:3,7
DA:4,7
DA:5,7
DA:8,7
DA:11,4
DA:12,4
DA:15,2
DA:16,2
DA:19,1
DA:22,1
DA:24,1
DA:25,1
DA:28,1
DA:29,1
DA:33,7
LF:17
LH:17
BRDA:12,0,0,2
BRDA:12,0,1,2
BRDA:16,1,0,1
BRDA:16,1,1,1
BRF:4
BRH:4
end_of_record
TN:
SF:routes/chats.js
FN:10,(anonymous_0)
FN:26,(anonymous_1)
FN:51,(anonymous_2)
FN:83,(anonymous_3)
FN:120,(anonymous_4)
FNF:5
FNH:4
FNDA:2,(anonymous_0)
FNDA:2,(anonymous_1)
FNDA:1,(anonymous_2)
FNDA:2,(anonymous_3)
FNDA:0,(anonymous_4)
DA:1,7
DA:2,7
DA:3,7
DA:4,7
DA:5,7
DA:6,7
DA:7,7
DA:10,7
DA:12,2
DA:19,2
DA:20,2
DA:21,1
DA:22,1
DA:26,7
DA:28,2
DA:29,2
DA:31,2
DA:32,2
DA:35,2
DA:38,2
DA:45,2
DA:46,1
DA:47,1
DA:51,7
DA:53,1
DA:54,1
DA:57,1
DA:58,1
DA:60,1
DA:61,1
DA:64,1
DA:67,1
DA:74,1
DA:75,1
DA:76,1
DA:77,0
DA:79,1
DA:83,7
DA:85,2
DA:86,2
DA:89,1
DA:90,1
DA:92,1
DA:93,1
DA:96,1
DA:99,1
DA:106,1
DA:107,0
DA:108,0
DA:112,1
DA:113,1
DA:114,1
DA:116,1
DA:120,7
DA:122,0
DA:123,0
DA:124,0
DA:127,7
LF:58
LH:52
BRDA:20,0,0,1
BRDA:20,0,1,1
BRDA:29,1,0,0
BRDA:29,1,1,2
BRDA:32,2,0,0
BRDA:32,2,1,2
BRDA:35,3,0,0
BRDA:35,3,1,2
BRDA:45,4,0,1
BRDA:45,4,1,1
BRDA:54,5,0,0
BRDA:54,5,1,1
BRDA:58,6,0,0
BRDA:58,6,1,1
BRDA:61,7,0,0
BRDA:61,7,1,1
BRDA:64,8,0,0
BRDA:64,8,1,1
BRDA:74,9,0,1
BRDA:74,9,1,0
BRDA:86,10,0,1
BRDA:86,10,1,1
BRDA:90,11,0,0
BRDA:90,11,1,1
BRDA:93,12,0,0
BRDA:93,12,1,1
BRDA:96,13,0,0
BRDA:96,13,1,1
BRDA:106,14,0,0
BRDA:106,14,1,1
BRDA:123,15,0,0
BRDA:123,15,1,0
BRF:32
BRH:18
end_of_record
TN:
SF:routes/notifications.js
FN:10,(anonymous_0)
FN:20,(anonymous_1)
FN:46,(anonymous_2)
FNF:3
FNH:2
FNDA:1,(anonymous_0)
FNDA:2,(anonymous_1)
FNDA:0,(anonymous_2)
DA:1,7
DA:2,7
DA:3,7
DA:4,7
DA:5,7
DA:6,7
DA:7,7
DA:10,7
DA:13,1
DA:16,1
DA:20,7
DA:23,2
DA:24,2
DA:27,2
DA:30,2
DA:31,2
DA:34,2
DA:35,2
DA:38,2
DA:39,2
DA:42,2
DA:46,7
DA:49,0
DA:52,0
DA:55,0
DA:59,7
LF:26
LH:23
BRDA:27,0,0,0
BRDA:27,0,1,2
BRDA:31,1,0,0
BRDA:31,1,1,2
BRDA:35,2,0,0
BRDA:35,2,1,2
BRDA:52,3,0,0
BRDA:52,3,1,0
BRF:8
BRH:3
end_of_record
TN:
SF:routes/preferences.js
FN:14,(anonymous_0)
FN:28,(anonymous_1)
FN:39,(anonymous_2)
FN:64,(anonymous_3)
FN:76,(anonymous_4)
FNF:5
FNH:4
FNDA:1,(anonymous_0)
FNDA:1,(anonymous_1)
FNDA:3,(anonymous_2)
FNDA:4,(anonymous_3)
FNDA:0,(anonymous_4)
DA:2,7
DA:5,7
DA:6,7
DA:7,7
DA:10,7
DA:11,7
DA:14,7
DA:17,1
DA:18,1
DA:21,1
DA:24,1
DA:28,7
DA:31,1
DA:32,1
DA:35,1
DA:39,7
DA:42,3
DA:45,3
DA:46,3
DA:49,3
DA:50,3
DA:53,3
DA:54,3
DA:57,3
DA:60,3
DA:61,3
DA:64,4
DA:65,2
DA:68,1
DA:69,1
DA:72,1
DA:76,7
DA:79,0
DA:82,0
DA:85,0
DA:89,7
LF:36
LH:33
BRDA:18,0,0,0
BRDA:18,0,1,1
BRDA:32,1,0,0
BRDA:32,1,1,1
BRDA:46,2,0,0
BRDA:46,2,1,3
BRDA:50,3,0,0
BRDA:50,3,1,3
BRDA:54,4,0,0
BRDA:54,4,1,3
BRDA:57,5,0,0
BRDA:57,5,1,3
BRDA:61,6,0,1
BRDA:61,6,1,2
BRDA:65,7,0,1
BRDA:65,7,1,1
BRDA:82,8,0,0
BRDA:82,8,1,0
BRF:18
BRH:10
end_of_record
TN:
SF:routes/users.js
FN:11,(anonymous_0)
FN:21,(anonymous_1)
FN:31,(anonymous_2)
FN:41,(anonymous_3)
FN:52,(anonymous_4)
FN:62,(anonymous_5)
FN:65,(anonymous_6)
FNF:7
FNH:2
FNDA:0,(anonymous_0)
FNDA:0,(anonymous_1)
FNDA:0,(anonymous_2)
FNDA:3,(anonymous_3)
FNDA:2,(anonymous_4)
FNDA:0,(anonymous_5)
FNDA:0,(anonymous_6)
DA:1,7
DA:2,7
DA:3,7
DA:4,7
DA:5,7
DA:6,7
DA:7,7
DA:8,7
DA:11,7
DA:14,0
DA:17,0
DA:21,7
DA:24,0
DA:27,0
DA:31,7
DA:34,0
DA:37,0
DA:41,7
DA:44,3
DA:45,3
DA:48,3
DA:49,3
DA:52,2
DA:53,2
DA:56,1
DA:57,1
DA:62,7
DA:65,7
DA:68,0
DA:71,0
DA:74,0
DA:77,0
DA:80,0
DA:84,7
LF:34
LH:23
BRDA:45,0,0,0
BRDA:45,0,1,3
BRDA:49,1,0,1
BRDA:49,1,1,2
BRDA:53,2,0,1
BRDA:53,2,1,1
BRDA:77,3,0,0
BRDA:77,3,1,0
BRF:8
BRH:5
end_of_record
